2025-02-04T13:57:12.645035+0300 [INFO] - In Answer Middleware
2025-02-04T13:57:12.645616+0300 [INFO] - Создан новый пользователь - illgettomorow
2025-02-04T13:57:24.393860+0300 [INFO] - In Answer Middleware
2025-02-04T13:57:24.394285+0300 [INFO] - Создан новый пользователь - illgettomorow
2025-02-04T13:59:32.254299+0300 [INFO] - In Answer Middleware
2025-02-04T13:59:32.258033+0300 [INFO] - Создан новый пользователь - illgettomorow
2025-02-04T14:04:30.358188+0300 [INFO] - In Answer Middleware
2025-02-04T14:05:34.349151+0300 [INFO] - In Answer Middleware
2025-02-04T14:06:25.139842+0300 [INFO] - In Answer Middleware
2025-02-04T14:08:21.834720+0300 [INFO] - In Answer Middleware
2025-02-04T14:11:28.303471+0300 [INFO] - In Answer Middleware
2025-02-04T14:17:23.402336+0300 [INFO] - In Answer Middleware
2025-02-04T15:15:34.730880+0300 [INFO] - Пользователь с ID 1007130027 не найден
2025-02-04T15:15:39.812219+0300 [INFO] - In Answer Middleware
2025-02-04T15:15:39.821304+0300 [INFO] - Пользователь illgettomorow добавлен в БД.
2025-02-04T15:15:39.821692+0300 [INFO] - Создан новый пользователь - illgettomorow
2025-02-04T15:15:44.426021+0300 [INFO] - Пользователь illgettomorow найден
2025-02-04T15:15:44.427133+0300 [INFO] - Сообщение: А от 1007130027
2025-02-04T15:15:48.314836+0300 [INFO] - Пользователь illgettomorow найден
2025-02-04T15:15:48.315979+0300 [INFO] - Сообщение: У от 1007130027
2025-02-04T15:15:50.365268+0300 [INFO] - Пользователь illgettomorow найден
2025-02-04T15:15:50.366246+0300 [INFO] - Сообщение: И от 1007130027
2025-02-04T15:15:53.844669+0300 [INFO] - Пользователь illgettomorow найден
2025-02-04T15:15:53.845777+0300 [INFO] - Сообщение: Привет от 1007130027
2025-02-04T15:52:56.196989+0300 [INFO] - Пользователь illgettomorow найден
2025-02-04T15:52:56.198123+0300 [INFO] - Сообщение: А от 1007130027
2025-02-04T16:09:31.625705+0300 [INFO] - Пользователь illgettomorow найден
2025-02-04T16:10:01.555377+0300 [INFO] - Пользователь illgettomorow найден
2025-02-04T16:10:24.285887+0300 [INFO] - Пользователь illgettomorow найден
2025-02-04T16:10:24.286994+0300 [INFO] - Пользователь 1007130027 подписан на все каналы
2025-02-04T16:10:24.287232+0300 [INFO] - Сообщение: В от 1007130027
2025-02-04T16:10:58.867737+0300 [INFO] - Пользователь с ID 5616423791 не найден
2025-02-04T16:11:02.961557+0300 [INFO] - In Answer Middleware
2025-02-04T16:11:03.014621+0300 [INFO] - Пользователь danre2 добавлен в БД.
2025-02-04T16:11:03.015225+0300 [INFO] - Создан новый пользователь - danre2
2025-02-04T16:11:08.186033+0300 [INFO] - Пользователь danre2 найден
2025-02-04T16:11:08.187067+0300 [INFO] - Пользователь 5616423791 подписан на все каналы
2025-02-04T16:11:08.187287+0300 [INFO] - Сообщение: П от 5616423791
2025-02-04T16:12:15.698036+0300 [INFO] - Пользователь illgettomorow найден
2025-02-04T16:12:47.034859+0300 [INFO] - Пользователь illgettomorow найден
2025-02-04T16:13:18.544859+0300 [INFO] - Пользователь illgettomorow найден
2025-02-04T16:13:25.712692+0300 [INFO] - Пользователь illgettomorow найден
2025-02-04T16:13:28.784694+0300 [INFO] - Пользователь illgettomorow найден
2025-02-04T16:13:30.832979+0300 [INFO] - Пользователь illgettomorow найден
2025-02-04T16:15:23.578291+0300 [INFO] - Пользователь illgettomorow найден
2025-02-04T16:15:40.781540+0300 [INFO] - Пользователь illgettomorow найден
2025-02-04T16:16:54.950828+0300 [INFO] - Пользователь illgettomorow найден
2025-02-04T16:17:23.385708+0300 [INFO] - In Answer Middleware
2025-02-04T16:17:46.836586+0300 [INFO] - In Answer Middleware
2025-02-04T16:18:05.086153+0300 [INFO] - Пользователь illgettomorow найден
2025-02-04T16:18:13.259095+0300 [INFO] - Пользователь illgettomorow найден
2025-02-04T16:18:16.034309+0300 [INFO] - Пользователь illgettomorow найден
2025-02-04T16:19:24.456753+0300 [INFO] - Пользователь illgettomorow найден
2025-02-04T16:20:14.020614+0300 [INFO] - Пользователь illgettomorow найден
2025-02-04T16:20:35.839031+0300 [INFO] - Пользователь illgettomorow найден
2025-02-04T16:23:49.374367+0300 [INFO] - Пользователь illgettomorow найден
2025-02-04T16:24:09.648567+0300 [INFO] - Пользователь danre2 найден
2025-02-04T16:25:40.358545+0300 [INFO] - Пользователь illgettomorow найден
2025-02-04T16:25:41.271568+0300 [INFO] - Пользователь 1007130027 подписан на все каналы
2025-02-04T16:25:41.272027+0300 [INFO] - Сообщение: S от 1007130027
2025-02-04T16:25:47.722027+0300 [INFO] - Пользователь illgettomorow найден
2025-02-04T16:25:47.923113+0300 [INFO] - Пользователь 1007130027 подписан на все каналы
2025-02-04T16:25:47.923581+0300 [INFO] - Сообщение: R от 1007130027
2025-02-04T16:26:06.256437+0300 [INFO] - Пользователь danre2 найден
2025-02-04T17:13:18.769321+0300 [INFO] - Пользователь illgettomorow найден
2025-02-04T17:13:36.979130+0300 [INFO] - Пользователь illgettomorow найден
2025-02-04T17:19:30.083132+0300 [INFO] - Пользователь illgettomorow найден
2025-02-04T17:23:10.069430+0300 [INFO] - Пользователь с ID 7768265621 не найден
2025-02-04T17:23:12.425588+0300 [INFO] - In Answer Middleware
2025-02-04T17:23:12.434750+0300 [INFO] - Пользователь Highly_Moderator добавлен в БД.
2025-02-04T17:23:12.435237+0300 [INFO] - Создан новый пользователь - Highly_Moderator
2025-02-04T17:24:48.699950+0300 [INFO] - Пользователь illgettomorow найден
2025-02-04T17:29:44.904166+0300 [INFO] - Пользователь illgettomorow найден
2025-02-04T17:29:45.167604+0300 [INFO] - Пользователь illgettomorow найден
2025-02-04T17:43:29.445682+0300 [INFO] - Пользователь illgettomorow найден
2025-02-04T17:43:30.751625+0300 [INFO] - Пользователь 1007130027 подписан на все каналы
2025-02-04T17:44:04.383277+0300 [INFO] - Пользователь illgettomorow найден
2025-02-04T17:44:04.754334+0300 [INFO] - Пользователь 1007130027 подписан на все каналы
2025-02-04T17:46:05.271314+0300 [INFO] - Пользователь illgettomorow найден
2025-02-04T17:46:06.200614+0300 [INFO] - Пользователь 1007130027 подписан на все каналы
2025-02-04T17:46:06.200948+0300 [INFO] - Пользователь в приватном чате
2025-02-04T17:46:18.666816+0300 [INFO] - Пользователь illgettomorow найден
2025-02-04T17:46:19.074952+0300 [INFO] - Пользователь 1007130027 подписан на все каналы
2025-02-04T17:46:19.075287+0300 [ERROR] - Пользователь не в приват чате
2025-02-04T17:58:51.890056+0300 [INFO] - Пользователь illgettomorow найден
2025-02-04T17:58:52.760273+0300 [INFO] - Пользователь 1007130027 подписан на все каналы
2025-02-04T17:58:52.760630+0300 [INFO] - Пользователь в приватном чате
2025-02-04T17:58:52.760780+0300 [INFO] - Сообщение: В от 1007130027
2025-02-04T18:00:10.151550+0300 [INFO] - Пользователь illgettomorow найден
2025-02-04T18:00:11.214629+0300 [INFO] - Пользователь 1007130027 подписан на все каналы
2025-02-04T18:00:11.214989+0300 [INFO] - Пользователь в приватном чате
2025-02-04T18:00:11.215138+0300 [INFO] - Сообщение: П от 1007130027
2025-02-04T18:00:33.238502+0300 [INFO] - Пользователь illgettomorow найден
2025-02-04T18:00:34.127190+0300 [INFO] - Пользователь 1007130027 подписан на все каналы
2025-02-04T18:00:34.127592+0300 [INFO] - Пользователь в приватном чате
2025-02-04T18:00:34.127741+0300 [INFO] - Сообщение: А от 1007130027
2025-02-04T18:01:02.072587+0300 [INFO] - Пользователь illgettomorow найден
2025-02-04T18:01:02.893263+0300 [INFO] - Пользователь 1007130027 подписан на все каналы
2025-02-04T18:01:02.893708+0300 [INFO] - Пользователь в приватном чате
2025-02-04T18:01:02.893940+0300 [INFO] - Сообщение: П от 1007130027
2025-02-04T18:02:27.059711+0300 [INFO] - Пользователь illgettomorow найден
2025-02-04T18:02:27.824237+0300 [INFO] - Пользователь 1007130027 подписан на все каналы
2025-02-04T18:02:27.824645+0300 [INFO] - Пользователь в приватном чате
2025-02-04T18:02:27.824852+0300 [INFO] - Сообщение: У от 1007130027
2025-02-04T18:03:36.997547+0300 [INFO] - Пользователь illgettomorow найден
2025-02-04T18:03:38.095031+0300 [INFO] - Пользователь 1007130027 подписан на все каналы
2025-02-04T18:03:38.095514+0300 [INFO] - Пользователь в приватном чате
2025-02-04T18:03:38.095742+0300 [INFO] - Сообщение: П от 1007130027
2025-02-04T18:04:35.983975+0300 [INFO] - Пользователь illgettomorow найден
2025-02-04T18:04:44.271735+0300 [INFO] - Пользователь 1007130027 подписан на все каналы
2025-02-04T18:04:44.272200+0300 [INFO] - Пользователь в приватном чате
2025-02-04T18:04:44.272412+0300 [INFO] - Сообщение: М от 1007130027
2025-02-04T18:04:44.683446+0300 [INFO] - Пользователь illgettomorow найден
2025-02-04T18:04:47.266625+0300 [INFO] - Пользователь 1007130027 подписан на все каналы
2025-02-04T18:04:47.267039+0300 [INFO] - Пользователь в приватном чате
2025-02-04T18:04:47.267295+0300 [INFO] - Сообщение: Е от 1007130027
2025-02-04T18:04:50.337453+0300 [INFO] - Пользователь illgettomorow найден
2025-02-04T18:04:50.510686+0300 [INFO] - Пользователь 1007130027 подписан на все каналы
2025-02-04T18:04:50.511018+0300 [INFO] - Пользователь в приватном чате
2025-02-04T18:04:50.511181+0300 [INFO] - Сообщение: П от 1007130027
2025-02-04T18:06:23.771771+0300 [INFO] - Пользователь danre2 найден
2025-02-04T18:06:48.563742+0300 [INFO] - Пользователь danre2 найден
2025-02-04T18:07:05.839514+0300 [INFO] - Пользователь danre2 найден
2025-02-04T18:07:06.357643+0300 [INFO] - Пользователь 5616423791 подписан на все каналы
2025-02-04T18:07:06.358049+0300 [INFO] - Пользователь не в приват чате
2025-02-04T18:08:35.710810+0300 [INFO] - Сообщение: Для начала работы с ботом нужно подписаться на наши каналы: от 8036451898
2025-02-04T18:16:48.847949+0300 [INFO] - Пользователь illgettomorow найден
2025-02-04T18:16:49.556115+0300 [INFO] - Пользователь 1007130027 подписан на все каналы
2025-02-04T18:16:49.556512+0300 [INFO] - Пользователь в приватном чате
2025-02-04T18:16:49.556662+0300 [INFO] - Сообщение: Ф от 1007130027
2025-02-04T18:38:27.270655+0300 [INFO] - Пользователь illgettomorow найден
2025-02-04T18:38:28.565852+0300 [INFO] - Пользователь 1007130027 подписан на все каналы
2025-02-04T18:38:28.566237+0300 [INFO] - Пользователь в приватном чате
2025-02-04T18:38:28.566410+0300 [INFO] - Сообщение: Ф от 1007130027
2025-02-04T18:38:53.261175+0300 [INFO] - Пользователь illgettomorow найден
2025-02-04T18:38:54.049777+0300 [INFO] - Пользователь 1007130027 подписан на все каналы
2025-02-04T18:38:54.050223+0300 [INFO] - Пользователь в приватном чате
2025-02-04T18:38:54.050440+0300 [INFO] - Сообщение: В от 1007130027
2025-02-04T18:40:50.648829+0300 [INFO] - Пользователь illgettomorow найден
2025-02-04T18:40:50.951725+0300 [INFO] - Пользователь 1007130027 подписан на все каналы
2025-02-04T18:40:50.952102+0300 [INFO] - Пользователь в приватном чате
2025-02-04T18:40:50.952270+0300 [INFO] - Сообщение: 📌 О проекте от 1007130027
2025-02-04T19:38:25.380996+0300 [INFO] - Пользователь с ID 1007130027 не найден
2025-02-04T19:38:29.678599+0300 [INFO] - In Answer Middleware
2025-02-04T19:38:29.691164+0300 [INFO] - Пользователь illgettomorow добавлен в БД.
2025-02-04T19:38:29.691668+0300 [INFO] - Создан новый пользователь - illgettomorow
2025-02-04T19:38:35.286709+0300 [INFO] - Пользователь illgettomorow найден
2025-02-04T19:38:35.692590+0300 [INFO] - Пользователь 1007130027 подписан на все каналы
2025-02-04T19:38:35.692919+0300 [INFO] - Пользователь в приватном чате
2025-02-04T19:38:35.693064+0300 [INFO] - Сообщение: А от 1007130027
2025-02-04T19:38:37.851717+0300 [INFO] - Пользователь illgettomorow найден
2025-02-04T19:38:38.559791+0300 [INFO] - Пользователь 1007130027 подписан на все каналы
2025-02-04T19:38:38.560144+0300 [INFO] - Пользователь в приватном чате
2025-02-04T19:38:38.560327+0300 [INFO] - Сообщение: 👦 Профиль от 1007130027
2025-02-04T19:39:37.682933+0300 [INFO] - Пользователь с ID 1007130027 не найден
2025-02-04T19:39:48.092115+0300 [INFO] - In Answer Middleware
2025-02-04T19:39:48.331733+0300 [INFO] - Пользователь illgettomorow добавлен в БД.
2025-02-04T19:39:48.332772+0300 [INFO] - Создан новый пользователь - illgettomorow
2025-02-04T19:39:53.010686+0300 [INFO] - Пользователь illgettomorow найден
2025-02-04T19:39:53.373033+0300 [INFO] - Пользователь 1007130027 подписан на все каналы
2025-02-04T19:39:53.373384+0300 [INFO] - Пользователь в приватном чате
2025-02-04T19:39:53.373527+0300 [INFO] - Сообщение: 👦 Профиль от 1007130027
2025-02-04T19:44:17.968536+0300 [INFO] - Пользователь illgettomorow найден
2025-02-04T19:44:18.892536+0300 [INFO] - Пользователь 1007130027 подписан на все каналы
2025-02-04T19:44:18.892886+0300 [INFO] - Пользователь в приватном чате
2025-02-04T19:44:18.893122+0300 [INFO] - Сообщение: 👦 Профиль от 1007130027
2025-02-04T19:44:21.788033+0300 [INFO] - Пользователь illgettomorow найден
2025-02-04T19:44:22.177294+0300 [INFO] - Пользователь 1007130027 подписан на все каналы
2025-02-04T19:44:22.177729+0300 [INFO] - Пользователь в приватном чате
2025-02-04T19:44:22.177972+0300 [INFO] - Сообщение: 👦 Профиль от 1007130027
2025-02-04T19:51:06.391875+0300 [INFO] - Пользователь illgettomorow найден
2025-02-04T19:51:07.719937+0300 [INFO] - Пользователь 1007130027 подписан на все каналы
2025-02-04T19:51:07.720341+0300 [INFO] - Пользователь в приватном чате
2025-02-04T19:51:07.720585+0300 [INFO] - Сообщение: О от 1007130027
2025-02-04T19:51:47.620697+0300 [INFO] - Пользователь illgettomorow найден
2025-02-04T19:51:48.582126+0300 [INFO] - Пользователь 1007130027 подписан на все каналы
2025-02-04T19:51:48.582471+0300 [INFO] - Пользователь в приватном чате
2025-02-04T19:51:48.582697+0300 [INFO] - Сообщение: А от 1007130027
2025-02-04T19:53:28.041639+0300 [INFO] - Пользователь illgettomorow найден
2025-02-04T19:53:29.234653+0300 [INFO] - Пользователь 1007130027 подписан на все каналы
2025-02-04T19:53:29.235094+0300 [INFO] - Пользователь в приватном чате
2025-02-04T19:53:29.235242+0300 [INFO] - Сообщение: И от 1007130027
2025-02-04T19:53:32.515474+0300 [INFO] - Пользователь illgettomorow найден
2025-02-04T19:53:33.125344+0300 [INFO] - Пользователь 1007130027 подписан на все каналы
2025-02-04T19:53:33.125666+0300 [INFO] - Пользователь в приватном чате
2025-02-04T19:54:10.283990+0300 [INFO] - Пользователь illgettomorow найден
2025-02-04T19:54:11.320252+0300 [INFO] - Пользователь 1007130027 подписан на все каналы
2025-02-04T19:54:11.320690+0300 [INFO] - Пользователь в приватном чате
2025-02-04T20:08:19.803620+0300 [INFO] - Пользователь illgettomorow найден
2025-02-04T20:08:20.755364+0300 [INFO] - Пользователь 1007130027 подписан на все каналы
2025-02-04T20:08:20.755765+0300 [INFO] - Пользователь в приватном чате
2025-02-04T20:09:18.191754+0300 [INFO] - Пользователь illgettomorow найден
2025-02-04T20:09:18.789151+0300 [INFO] - Пользователь 1007130027 подписан на все каналы
2025-02-04T20:09:18.789510+0300 [INFO] - Пользователь в приватном чате
2025-02-04T20:09:42.043764+0300 [INFO] - Пользователь illgettomorow найден
2025-02-04T20:09:42.933047+0300 [INFO] - Пользователь 1007130027 подписан на все каналы
2025-02-04T20:09:42.933444+0300 [INFO] - Пользователь в приватном чате
2025-02-04T20:10:01.193945+0300 [INFO] - Пользователь illgettomorow найден
2025-02-04T20:10:02.491126+0300 [INFO] - Пользователь 1007130027 подписан на все каналы
2025-02-04T20:10:02.491627+0300 [INFO] - Пользователь в приватном чате
2025-02-04T20:11:37.958228+0300 [INFO] - Пользователь illgettomorow найден
2025-02-04T20:11:39.051887+0300 [INFO] - Пользователь 1007130027 подписан на все каналы
2025-02-04T20:11:39.052241+0300 [INFO] - Пользователь в приватном чате
2025-02-04T20:13:32.313212+0300 [INFO] - Пользователь illgettomorow найден
2025-02-04T20:13:33.293108+0300 [INFO] - Пользователь 1007130027 подписан на все каналы
2025-02-04T20:13:33.293487+0300 [INFO] - Пользователь в приватном чате
2025-02-04T20:14:00.070885+0300 [INFO] - Пользователь illgettomorow найден
2025-02-04T20:14:00.750348+0300 [INFO] - Пользователь 1007130027 подписан на все каналы
2025-02-04T20:14:00.750780+0300 [INFO] - Пользователь в приватном чате
2025-02-04T20:15:40.870540+0300 [INFO] - Пользователь illgettomorow найден
2025-02-04T20:15:41.719649+0300 [INFO] - Пользователь 1007130027 подписан на все каналы
2025-02-04T20:15:41.720022+0300 [INFO] - Пользователь в приватном чате
2025-02-04T20:16:49.806801+0300 [INFO] - Пользователь illgettomorow найден
2025-02-04T20:16:51.003278+0300 [INFO] - Пользователь 1007130027 подписан на все каналы
2025-02-04T20:16:51.003640+0300 [INFO] - Пользователь в приватном чате
2025-02-04T20:16:51.004002+0300 [INFO] - Сообщение: Ввв от 1007130027
2025-02-04T20:16:53.795351+0300 [INFO] - Пользователь illgettomorow найден
2025-02-04T20:16:54.284034+0300 [INFO] - Пользователь 1007130027 подписан на все каналы
2025-02-04T20:16:54.284448+0300 [INFO] - Пользователь в приватном чате
2025-02-04T20:18:12.260291+0300 [INFO] - Пользователь illgettomorow найден
2025-02-04T20:18:13.046579+0300 [INFO] - Пользователь 1007130027 подписан на все каналы
2025-02-04T20:18:13.046904+0300 [INFO] - Пользователь в приватном чате
2025-02-04T20:18:40.220517+0300 [INFO] - Пользователь illgettomorow найден
2025-02-04T20:18:40.906163+0300 [INFO] - Пользователь 1007130027 подписан на все каналы
2025-02-04T20:18:40.906663+0300 [INFO] - Пользователь в приватном чате
2025-02-04T20:20:17.929091+0300 [INFO] - Пользователь illgettomorow найден
2025-02-04T20:20:19.125658+0300 [INFO] - Пользователь 1007130027 подписан на все каналы
2025-02-04T20:20:19.126160+0300 [INFO] - Пользователь в приватном чате
2025-02-04T20:20:44.659966+0300 [INFO] - Пользователь illgettomorow найден
2025-02-04T20:20:45.446536+0300 [INFO] - Пользователь 1007130027 подписан на все каналы
2025-02-04T20:20:45.446888+0300 [INFO] - Пользователь в приватном чате
2025-02-04T20:21:12.618960+0300 [INFO] - Пользователь illgettomorow найден
2025-02-04T20:21:13.586157+0300 [INFO] - Пользователь 1007130027 подписан на все каналы
2025-02-04T20:21:13.586553+0300 [INFO] - Пользователь в приватном чате
2025-02-04T20:24:09.279661+0300 [INFO] - Пользователь illgettomorow найден
2025-02-04T20:24:10.271631+0300 [INFO] - Пользователь 1007130027 подписан на все каналы
2025-02-04T20:24:10.271966+0300 [INFO] - Пользователь в приватном чате
2025-02-04T20:24:57.821024+0300 [INFO] - Пользователь illgettomorow найден
2025-02-04T20:24:58.755469+0300 [INFO] - Пользователь 1007130027 подписан на все каналы
2025-02-04T20:24:58.755936+0300 [INFO] - Пользователь в приватном чате
2025-02-04T20:28:07.278912+0300 [INFO] - Пользователь illgettomorow найден
2025-02-04T20:28:08.475129+0300 [INFO] - Пользователь 1007130027 подписан на все каналы
2025-02-04T20:28:08.475522+0300 [INFO] - Пользователь в приватном чате
2025-02-04T20:28:31.446866+0300 [INFO] - Пользователь illgettomorow найден
2025-02-04T20:28:32.540912+0300 [INFO] - Пользователь 1007130027 подписан на все каналы
2025-02-04T20:28:32.541294+0300 [INFO] - Пользователь в приватном чате
2025-02-04T20:29:42.765032+0300 [INFO] - Пользователь illgettomorow найден
2025-02-04T20:29:43.808701+0300 [INFO] - Пользователь 1007130027 подписан на все каналы
2025-02-04T20:29:43.809072+0300 [INFO] - Пользователь в приватном чате
2025-02-04T20:30:14.157154+0300 [INFO] - Пользователь illgettomorow найден
2025-02-04T20:30:15.443391+0300 [INFO] - Пользователь 1007130027 подписан на все каналы
2025-02-04T20:30:15.443898+0300 [INFO] - Пользователь в приватном чате
2025-02-04T20:31:45.375019+0300 [INFO] - Пользователь illgettomorow найден
2025-02-04T20:31:46.225421+0300 [INFO] - Пользователь 1007130027 подписан на все каналы
2025-02-04T20:31:46.225793+0300 [INFO] - Пользователь в приватном чате
2025-02-04T20:32:37.799348+0300 [INFO] - Пользователь illgettomorow найден
2025-02-04T20:32:38.791600+0300 [INFO] - Пользователь 1007130027 подписан на все каналы
2025-02-04T20:32:38.791974+0300 [INFO] - Пользователь в приватном чате
2025-02-04T20:32:53.672145+0300 [INFO] - Пользователь illgettomorow найден
2025-02-04T20:32:54.663053+0300 [INFO] - Пользователь 1007130027 подписан на все каналы
2025-02-04T20:32:54.663561+0300 [INFO] - Пользователь в приватном чате
2025-02-04T20:33:08.726209+0300 [INFO] - Пользователь illgettomorow найден
2025-02-04T20:33:10.022177+0300 [INFO] - Пользователь 1007130027 подписан на все каналы
2025-02-04T20:33:10.022667+0300 [INFO] - Пользователь в приватном чате
2025-02-04T20:35:30.134838+0300 [INFO] - Пользователь illgettomorow найден
2025-02-04T20:35:31.637650+0300 [INFO] - Пользователь 1007130027 подписан на все каналы
2025-02-04T20:35:31.638076+0300 [INFO] - Пользователь в приватном чате
2025-02-04T20:36:45.776176+0300 [INFO] - Пользователь illgettomorow найден
2025-02-04T20:36:46.696993+0300 [INFO] - Пользователь 1007130027 подписан на все каналы
2025-02-04T20:36:46.697361+0300 [INFO] - Пользователь в приватном чате
2025-02-04T20:38:12.768236+0300 [INFO] - Пользователь illgettomorow найден
2025-02-04T20:38:13.542306+0300 [INFO] - Пользователь 1007130027 подписан на все каналы
2025-02-04T20:38:13.542689+0300 [INFO] - Пользователь в приватном чате
2025-02-04T20:39:08.893049+0300 [INFO] - Пользователь illgettomorow найден
2025-02-04T20:39:09.573386+0300 [INFO] - Пользователь 1007130027 подписан на все каналы
2025-02-04T20:39:09.573809+0300 [INFO] - Пользователь в приватном чате
2025-02-04T20:40:12.148045+0300 [INFO] - Пользователь illgettomorow найден
2025-02-04T20:40:12.945600+0300 [INFO] - Пользователь 1007130027 подписан на все каналы
2025-02-04T20:40:12.946092+0300 [INFO] - Пользователь в приватном чате
2025-02-04T20:43:21.386792+0300 [INFO] - Пользователь illgettomorow найден
2025-02-04T20:43:22.229739+0300 [INFO] - Пользователь 1007130027 подписан на все каналы
2025-02-04T20:43:22.230133+0300 [INFO] - Пользователь в приватном чате
2025-02-04T20:50:12.260733+0300 [INFO] - Пользователь illgettomorow найден
2025-02-04T20:50:13.047245+0300 [INFO] - Пользователь 1007130027 подписан на все каналы
2025-02-04T20:50:13.047690+0300 [INFO] - Пользователь в приватном чате
2025-02-04T21:15:49.939398+0300 [INFO] - Пользователь с ID 1007130027 не найден
2025-02-04T21:16:02.210571+0300 [INFO] - In Answer Middleware
2025-02-04T21:16:02.223349+0300 [INFO] - Пользователь illgettomorow добавлен в БД.
2025-02-04T21:16:02.223931+0300 [INFO] - Создан новый пользователь - illgettomorow
2025-02-04T21:16:06.001858+0300 [INFO] - Пользователь illgettomorow найден
2025-02-04T21:16:06.302814+0300 [INFO] - Пользователь 1007130027 подписан на все каналы
2025-02-04T21:16:06.303160+0300 [INFO] - Пользователь в приватном чате
2025-02-04T21:16:06.303379+0300 [INFO] - Сообщение: Р от 1007130027
2025-02-04T21:16:08.227446+0300 [INFO] - Пользователь illgettomorow найден
2025-02-04T21:16:08.661143+0300 [INFO] - Пользователь 1007130027 подписан на все каналы
2025-02-04T21:16:08.661499+0300 [INFO] - Пользователь в приватном чате
2025-02-04T21:16:08.661704+0300 [INFO] - Сообщение: 📌 О проекте от 1007130027
2025-02-04T21:16:10.918167+0300 [INFO] - Пользователь illgettomorow найден
2025-02-04T21:16:11.323395+0300 [INFO] - Пользователь 1007130027 подписан на все каналы
2025-02-04T21:16:11.323727+0300 [INFO] - Пользователь в приватном чате
2025-02-04T21:17:39.293221+0300 [INFO] - Пользователь illgettomorow найден
2025-02-04T21:17:39.388007+0300 [INFO] - Пользователь illgettomorow найден
2025-02-04T21:17:40.202685+0300 [INFO] - Пользователь 1007130027 подписан на все каналы
2025-02-04T21:17:40.203030+0300 [INFO] - Пользователь в приватном чате
2025-02-04T21:17:40.515382+0300 [INFO] - Пользователь 1007130027 подписан на все каналы
2025-02-04T21:17:40.515802+0300 [INFO] - Пользователь в приватном чате
2025-02-04T21:19:58.811347+0300 [INFO] - Пользователь illgettomorow найден
2025-02-04T21:19:59.772535+0300 [INFO] - Пользователь 1007130027 подписан на все каналы
2025-02-04T21:19:59.772923+0300 [INFO] - Пользователь в приватном чате
2025-02-04T21:19:59.776085+0300 [INFO] - Информация о пользователе illgettomorow:
2025-02-04T21:19:59.776263+0300 [INFO] - ID: 1
2025-02-04T21:19:59.776407+0300 [INFO] - Telegram ID: 1007130027
2025-02-04T21:19:59.776514+0300 [INFO] - Username: illgettomorow
2025-02-04T21:19:59.776687+0300 [INFO] - Captcha: True
2025-02-04T21:19:59.776848+0300 [INFO] - Is Admin: False
2025-02-04T21:19:59.776942+0300 [INFO] - Is Private: False
2025-02-04T21:19:59.777054+0300 [INFO] - Money: 0
2025-02-04T21:19:59.777143+0300 [INFO] - Lids: 0
2025-02-04T21:42:07.151836+0300 [INFO] - Пользователь illgettomorow найден
2025-02-04T21:42:08.061692+0300 [INFO] - Пользователь 1007130027 подписан на все каналы
2025-02-04T21:42:08.062316+0300 [INFO] - Пользователь в приватном чате
2025-02-04T21:42:08.067060+0300 [INFO] - Сообщение: В от 1007130027
2025-02-04T21:42:10.524631+0300 [INFO] - Пользователь illgettomorow найден
2025-02-04T21:42:10.928917+0300 [INFO] - Пользователь 1007130027 подписан на все каналы
2025-02-04T21:42:10.929314+0300 [INFO] - Пользователь в приватном чате
2025-02-04T21:42:10.932257+0300 [INFO] - Информация о пользователе illgettomorow:
2025-02-04T21:42:10.932419+0300 [INFO] - ID: 1
2025-02-04T21:42:10.932552+0300 [INFO] - Telegram ID: 1007130027
2025-02-04T21:42:10.932674+0300 [INFO] - Username: illgettomorow
2025-02-04T21:42:10.932795+0300 [INFO] - Captcha: True
2025-02-04T21:42:10.932898+0300 [INFO] - Is Admin: False
2025-02-04T21:42:10.932988+0300 [INFO] - Is Private: False
2025-02-04T21:42:10.933103+0300 [INFO] - Money: 0
2025-02-04T21:42:10.933224+0300 [INFO] - Lids: 0
2025-02-04T21:42:15.920123+0300 [INFO] - Сообщение: None от 8036451898
2025-02-04T22:03:51.855354+0300 [INFO] - Пользователь illgettomorow найден
2025-02-04T22:03:53.052941+0300 [INFO] - Пользователь 1007130027 подписан на все каналы
2025-02-04T22:03:53.053360+0300 [INFO] - Пользователь в приватном чате
2025-02-04T22:03:53.056526+0300 [INFO] - Информация о пользователе illgettomorow:
2025-02-04T22:03:53.056695+0300 [INFO] - ID: 1
2025-02-04T22:03:53.056834+0300 [INFO] - Telegram ID: 1007130027
2025-02-04T22:03:53.056956+0300 [INFO] - Username: illgettomorow
2025-02-04T22:03:53.057078+0300 [INFO] - Captcha: True
2025-02-04T22:03:53.057232+0300 [INFO] - Is Admin: False
2025-02-04T22:03:53.057436+0300 [INFO] - Is Private: False
2025-02-04T22:03:53.057587+0300 [INFO] - Money: 0
2025-02-04T22:03:53.057747+0300 [INFO] - Lids: 0
2025-02-04T22:05:05.182996+0300 [INFO] - Пользователь illgettomorow найден
2025-02-04T22:05:06.159384+0300 [INFO] - Пользователь 1007130027 подписан на все каналы
2025-02-04T22:05:06.160081+0300 [INFO] - Пользователь в приватном чате
2025-02-04T22:05:06.163731+0300 [INFO] - Информация о пользователе illgettomorow:
2025-02-04T22:05:06.163908+0300 [INFO] - ID: 1
2025-02-04T22:05:06.164099+0300 [INFO] - Telegram ID: 1007130027
2025-02-04T22:05:06.164226+0300 [INFO] - Username: illgettomorow
2025-02-04T22:05:06.164322+0300 [INFO] - Captcha: True
2025-02-04T22:05:06.164464+0300 [INFO] - Is Admin: False
2025-02-04T22:05:06.164553+0300 [INFO] - Is Private: False
2025-02-04T22:05:06.164661+0300 [INFO] - Money: 0
2025-02-04T22:05:06.164749+0300 [INFO] - Lids: 0
2025-02-04T22:05:15.686805+0300 [INFO] - Пользователь illgettomorow найден
2025-02-04T22:05:16.046696+0300 [INFO] - Пользователь 1007130027 подписан на все каналы
2025-02-04T22:05:16.047031+0300 [INFO] - Пользователь в приватном чате
2025-02-04T22:05:26.134652+0300 [INFO] - Пользователь illgettomorow найден
2025-02-04T22:05:26.335903+0300 [INFO] - Пользователь 1007130027 подписан на все каналы
2025-02-04T22:05:26.336300+0300 [INFO] - Пользователь в приватном чате
2025-02-04T22:05:28.997841+0300 [INFO] - Пользователь illgettomorow найден
2025-02-04T22:05:29.403490+0300 [INFO] - Пользователь 1007130027 подписан на все каналы
2025-02-04T22:05:29.403974+0300 [INFO] - Пользователь в приватном чате
2025-02-04T22:05:37.863745+0300 [INFO] - Пользователь illgettomorow найден
2025-02-04T22:05:38.280797+0300 [INFO] - Пользователь 1007130027 подписан на все каналы
2025-02-04T22:05:38.281207+0300 [INFO] - Пользователь в приватном чате
2025-02-04T22:05:41.691934+0300 [INFO] - Пользователь illgettomorow найден
2025-02-04T22:05:41.997625+0300 [INFO] - Пользователь 1007130027 подписан на все каналы
2025-02-04T22:05:41.997927+0300 [INFO] - Пользователь в приватном чате
2025-02-04T22:06:59.447306+0300 [INFO] - Пользователь illgettomorow найден
2025-02-04T22:07:00.231629+0300 [INFO] - Пользователь 1007130027 подписан на все каналы
2025-02-04T22:07:00.231890+0300 [INFO] - Пользователь в приватном чате
2025-02-04T22:07:00.232061+0300 [INFO] - Сообщение: Р от 1007130027
2025-02-04T22:07:01.979281+0300 [INFO] - Пользователь illgettomorow найден
2025-02-04T22:07:02.178072+0300 [INFO] - Пользователь 1007130027 подписан на все каналы
2025-02-04T22:07:02.178487+0300 [INFO] - Пользователь в приватном чате
2025-02-04T22:07:02.181519+0300 [INFO] - Информация о пользователе illgettomorow:
2025-02-04T22:07:02.181762+0300 [INFO] - ID: 1
2025-02-04T22:07:02.181956+0300 [INFO] - Telegram ID: 1007130027
2025-02-04T22:07:02.182087+0300 [INFO] - Username: illgettomorow
2025-02-04T22:07:02.182217+0300 [INFO] - Captcha: True
2025-02-04T22:07:02.182334+0300 [INFO] - Is Admin: False
2025-02-04T22:07:02.182500+0300 [INFO] - Is Private: False
2025-02-04T22:07:02.182618+0300 [INFO] - Money: 0
2025-02-04T22:07:02.182727+0300 [INFO] - Lids: 0
2025-02-04T22:07:10.682365+0300 [INFO] - Пользователь illgettomorow найден
2025-02-04T22:07:10.946077+0300 [INFO] - Пользователь 1007130027 подписан на все каналы
2025-02-04T22:07:10.946567+0300 [INFO] - Пользователь в приватном чате
2025-02-04T22:07:13.755299+0300 [INFO] - Пользователь illgettomorow найден
2025-02-04T22:07:14.076432+0300 [INFO] - Пользователь 1007130027 подписан на все каналы
2025-02-04T22:07:14.076884+0300 [INFO] - Пользователь в приватном чате
2025-02-04T22:07:16.010481+0300 [INFO] - Пользователь illgettomorow найден
2025-02-04T22:07:16.208135+0300 [INFO] - Пользователь 1007130027 подписан на все каналы
2025-02-04T22:07:16.208538+0300 [INFO] - Пользователь в приватном чате
2025-02-04T22:07:19.591929+0300 [INFO] - Пользователь illgettomorow найден
2025-02-04T22:07:19.935869+0300 [INFO] - Пользователь 1007130027 подписан на все каналы
2025-02-04T22:07:19.936206+0300 [INFO] - Пользователь в приватном чате
2025-02-04T22:07:28.094451+0300 [INFO] - Пользователь illgettomorow найден
2025-02-04T22:07:29.015942+0300 [INFO] - Пользователь 1007130027 подписан на все каналы
2025-02-04T22:07:29.016258+0300 [INFO] - Пользователь в приватном чате
2025-02-04T22:07:29.016439+0300 [INFO] - Сообщение: : от 1007130027
2025-02-04T22:20:07.416943+0300 [INFO] - Пользователь с ID 1007130027 не найден
2025-02-04T22:20:11.578087+0300 [INFO] - In Answer Middleware
2025-02-04T22:20:11.591459+0300 [INFO] - Пользователь illgettomorow добавлен в БД.
2025-02-04T22:20:11.591974+0300 [INFO] - Создан новый пользователь - illgettomorow
2025-02-04T22:20:16.189379+0300 [INFO] - Пользователь illgettomorow найден
2025-02-04T22:20:16.592742+0300 [INFO] - Пользователь 1007130027 подписан на все каналы
2025-02-04T22:20:16.593187+0300 [INFO] - Пользователь в приватном чате
2025-02-04T22:20:16.595865+0300 [INFO] - Информация о пользователе illgettomorow:
2025-02-04T22:20:16.596094+0300 [INFO] - ID: 1
2025-02-04T22:20:16.596243+0300 [INFO] - Telegram ID: 1007130027
2025-02-04T22:20:16.596374+0300 [INFO] - Username: illgettomorow
2025-02-04T22:20:16.596471+0300 [INFO] - Captcha: True
2025-02-04T22:20:16.596592+0300 [INFO] - Is Admin: False
2025-02-04T22:20:16.596684+0300 [INFO] - Is Private: False
2025-02-04T22:20:16.596809+0300 [INFO] - Money: 0
2025-02-04T22:20:16.596901+0300 [INFO] - Lids: 0
2025-02-04T22:20:27.257201+0300 [INFO] - Пользователь illgettomorow найден
2025-02-04T22:20:27.651766+0300 [INFO] - Пользователь 1007130027 подписан на все каналы
2025-02-04T22:20:27.652162+0300 [INFO] - Пользователь в приватном чате
2025-02-04T22:20:27.652443+0300 [INFO] - Сообщение: /start от 1007130027
2025-02-04T22:20:29.602023+0300 [INFO] - Пользователь illgettomorow найден
2025-02-04T22:20:30.006968+0300 [INFO] - Пользователь 1007130027 подписан на все каналы
2025-02-04T22:20:30.007436+0300 [INFO] - Пользователь в приватном чате
2025-02-04T22:20:30.010968+0300 [INFO] - Информация о пользователе illgettomorow:
2025-02-04T22:20:30.011201+0300 [INFO] - ID: 1
2025-02-04T22:20:30.011359+0300 [INFO] - Telegram ID: 1007130027
2025-02-04T22:20:30.011521+0300 [INFO] - Username: illgettomorow
2025-02-04T22:20:30.011654+0300 [INFO] - Captcha: True
2025-02-04T22:20:30.011790+0300 [INFO] - Is Admin: False
2025-02-04T22:20:30.011910+0300 [INFO] - Is Private: False
2025-02-04T22:20:30.012011+0300 [INFO] - Money: 0
2025-02-04T22:20:30.012116+0300 [INFO] - Lids: 0
2025-02-04T22:21:19.775566+0300 [INFO] - Пользователь illgettomorow найден
2025-02-04T22:21:19.975564+0300 [INFO] - Пользователь 1007130027 подписан на все каналы
2025-02-04T22:21:19.975880+0300 [INFO] - Пользователь в приватном чате
2025-02-04T22:21:23.052964+0300 [INFO] - Пользователь illgettomorow найден
2025-02-04T22:21:23.358316+0300 [INFO] - Пользователь 1007130027 подписан на все каналы
2025-02-04T22:21:23.358627+0300 [INFO] - Пользователь в приватном чате
2025-02-04T22:21:25.100474+0300 [INFO] - Пользователь illgettomorow найден
2025-02-04T22:21:25.403890+0300 [INFO] - Пользователь 1007130027 подписан на все каналы
2025-02-04T22:21:25.404695+0300 [INFO] - Пользователь в приватном чате
2025-02-04T22:21:28.274676+0300 [INFO] - Пользователь illgettomorow найден
2025-02-04T22:21:28.679908+0300 [INFO] - Пользователь 1007130027 подписан на все каналы
2025-02-04T22:21:28.680488+0300 [INFO] - Пользователь в приватном чате
2025-02-04T22:22:06.980777+0300 [INFO] - Пользователь illgettomorow найден
2025-02-04T22:22:07.385646+0300 [INFO] - Пользователь 1007130027 подписан на все каналы
2025-02-04T22:22:07.386100+0300 [INFO] - Пользователь в приватном чате
2025-02-04T22:25:06.715636+0300 [INFO] - Пользователь illgettomorow найден
2025-02-04T22:25:06.724030+0300 [INFO] - Пользователь illgettomorow найден
2025-02-04T22:25:07.324819+0300 [INFO] - Пользователь 1007130027 подписан на все каналы
2025-02-04T22:25:07.325147+0300 [INFO] - Пользователь в приватном чате
2025-02-04T22:25:07.325369+0300 [INFO] - Сообщение: Р от 1007130027
2025-02-04T22:25:07.732386+0300 [INFO] - Пользователь 1007130027 подписан на все каналы
2025-02-04T22:25:07.732717+0300 [INFO] - Пользователь в приватном чате
2025-02-04T22:25:07.732926+0300 [INFO] - Сообщение: Н от 1007130027
2025-02-04T22:25:09.507986+0300 [INFO] - Пользователь illgettomorow найден
2025-02-04T22:25:09.696080+0300 [INFO] - Пользователь 1007130027 подписан на все каналы
2025-02-04T22:25:09.696430+0300 [INFO] - Пользователь в приватном чате
2025-02-04T22:25:09.699117+0300 [INFO] - Информация о пользователе illgettomorow:
2025-02-04T22:25:09.699281+0300 [INFO] - ID: 1
2025-02-04T22:25:09.699435+0300 [INFO] - Telegram ID: 1007130027
2025-02-04T22:25:09.699615+0300 [INFO] - Username: illgettomorow
2025-02-04T22:25:09.699719+0300 [INFO] - Captcha: True
2025-02-04T22:25:09.699865+0300 [INFO] - Is Admin: False
2025-02-04T22:25:09.699956+0300 [INFO] - Is Private: False
2025-02-04T22:25:09.700071+0300 [INFO] - Money: 0
2025-02-04T22:25:09.700158+0300 [INFO] - Lids: 0
2025-02-04T22:25:16.644954+0300 [INFO] - Пользователь illgettomorow найден
2025-02-04T22:25:16.822682+0300 [INFO] - Пользователь 1007130027 подписан на все каналы
2025-02-04T22:25:16.822980+0300 [INFO] - Пользователь в приватном чате
2025-02-04T22:25:18.189714+0300 [INFO] - Пользователь illgettomorow найден
2025-02-04T22:25:18.589066+0300 [INFO] - Пользователь 1007130027 подписан на все каналы
2025-02-04T22:25:18.589384+0300 [INFO] - Пользователь в приватном чате
2025-02-04T22:25:21.220333+0300 [INFO] - Пользователь illgettomorow найден
2025-02-04T22:25:21.558745+0300 [INFO] - Пользователь 1007130027 подписан на все каналы
2025-02-04T22:25:21.559077+0300 [INFO] - Пользователь в приватном чате
2025-02-04T22:25:24.437284+0300 [INFO] - Пользователь illgettomorow найден
2025-02-04T22:25:24.773077+0300 [INFO] - Пользователь 1007130027 подписан на все каналы
2025-02-04T22:25:24.773421+0300 [INFO] - Пользователь в приватном чате
2025-02-04T22:47:05.164233+0300 [INFO] - Пользователь illgettomorow найден
2025-02-04T22:47:05.173337+0300 [INFO] - Пользователь illgettomorow найден
2025-02-04T22:47:05.174144+0300 [INFO] - Пользователь illgettomorow найден
2025-02-04T22:47:05.602390+0300 [INFO] - Пользователь 1007130027 подписан на все каналы
2025-02-04T22:47:05.602801+0300 [INFO] - Пользователь в приватном чате
2025-02-04T22:47:05.603092+0300 [INFO] - Сообщение: В от 1007130027
2025-02-04T22:47:05.605290+0300 [INFO] - Пользователь 1007130027 подписан на все каналы
2025-02-04T22:47:05.605447+0300 [INFO] - Пользователь в приватном чате
2025-02-04T22:47:05.605638+0300 [INFO] - Сообщение: П от 1007130027
2025-02-04T22:47:05.633415+0300 [INFO] - Пользователь 1007130027 подписан на все каналы
2025-02-04T22:47:05.633843+0300 [INFO] - Пользователь в приватном чате
2025-02-04T22:47:05.634110+0300 [INFO] - Сообщение: Г от 1007130027
2025-02-04T22:47:11.534827+0300 [INFO] - Пользователь illgettomorow найден
2025-02-04T22:47:12.145108+0300 [INFO] - Пользователь 1007130027 подписан на все каналы
2025-02-04T22:47:12.145424+0300 [INFO] - Пользователь в приватном чате
2025-02-04T22:47:12.148156+0300 [INFO] - Информация о пользователе illgettomorow:
2025-02-04T22:47:12.148365+0300 [INFO] - ID: 1
2025-02-04T22:47:12.148538+0300 [INFO] - Telegram ID: 1007130027
2025-02-04T22:47:12.148635+0300 [INFO] - Username: illgettomorow
2025-02-04T22:47:12.148752+0300 [INFO] - Captcha: True
2025-02-04T22:47:12.148893+0300 [INFO] - Is Admin: False
2025-02-04T22:47:12.148988+0300 [INFO] - Is Private: False
2025-02-04T22:47:12.149092+0300 [INFO] - Money: 0
2025-02-04T22:47:12.149176+0300 [INFO] - Lids: 0
2025-02-04T22:48:03.646046+0300 [INFO] - Сообщение: None от 8036451898
2025-02-04T22:48:06.530172+0300 [INFO] - Пользователь illgettomorow найден
2025-02-04T22:48:06.682545+0300 [INFO] - Пользователь 1007130027 подписан на все каналы
2025-02-04T22:48:06.682961+0300 [INFO] - Пользователь в приватном чате
2025-02-04T22:48:06.685824+0300 [INFO] - Информация о пользователе illgettomorow:
2025-02-04T22:48:06.685994+0300 [INFO] - ID: 1
2025-02-04T22:48:06.686137+0300 [INFO] - Telegram ID: 1007130027
2025-02-04T22:48:06.686235+0300 [INFO] - Username: illgettomorow
2025-02-04T22:48:06.686354+0300 [INFO] - Captcha: True
2025-02-04T22:48:06.686445+0300 [INFO] - Is Admin: False
2025-02-04T22:48:06.686562+0300 [INFO] - Is Private: False
2025-02-04T22:48:06.686683+0300 [INFO] - Money: 0
2025-02-04T22:48:06.686817+0300 [INFO] - Lids: 0
2025-02-04T23:02:12.425083+0300 [INFO] - Пользователь illgettomorow найден
2025-02-04T23:02:13.270999+0300 [INFO] - Пользователь 1007130027 подписан на все каналы
2025-02-04T23:02:13.271395+0300 [INFO] - Пользователь в приватном чате
2025-02-04T23:02:13.271623+0300 [INFO] - Сообщение: Вывв от 1007130027
2025-02-04T23:02:16.040955+0300 [INFO] - Пользователь illgettomorow найден
2025-02-04T23:02:16.445580+0300 [INFO] - Пользователь 1007130027 подписан на все каналы
2025-02-04T23:02:16.446028+0300 [INFO] - Пользователь в приватном чате
2025-02-04T23:02:16.448899+0300 [INFO] - Информация о пользователе illgettomorow:
2025-02-04T23:02:16.449060+0300 [INFO] - ID: 1
2025-02-04T23:02:16.449188+0300 [INFO] - Telegram ID: 1007130027
2025-02-04T23:02:16.449307+0300 [INFO] - Username: illgettomorow
2025-02-04T23:02:16.449430+0300 [INFO] - Captcha: True
2025-02-04T23:02:16.449570+0300 [INFO] - Is Admin: False
2025-02-04T23:02:16.449657+0300 [INFO] - Is Private: False
2025-02-04T23:02:16.449766+0300 [INFO] - Money: 0
2025-02-04T23:02:16.449848+0300 [INFO] - Lids: 0
2025-02-04T23:04:01.758792+0300 [INFO] - Выводы пользователя:
2025-02-04T23:04:06.552781+0300 [INFO] - Пользователь illgettomorow найден
2025-02-04T23:04:06.972797+0300 [INFO] - Пользователь 1007130027 подписан на все каналы
2025-02-04T23:04:06.973114+0300 [INFO] - Пользователь в приватном чате
2025-02-04T23:04:12.988656+0300 [INFO] - Пользователь illgettomorow найден
2025-02-04T23:04:13.285355+0300 [INFO] - Пользователь 1007130027 подписан на все каналы
2025-02-04T23:04:13.286005+0300 [INFO] - Пользователь в приватном чате
2025-02-04T23:04:19.126808+0300 [INFO] - Пользователь illgettomorow найден
2025-02-04T23:04:19.516617+0300 [INFO] - Пользователь 1007130027 подписан на все каналы
2025-02-04T23:04:19.516926+0300 [INFO] - Пользователь в приватном чате
2025-02-04T23:04:29.554625+0300 [INFO] - Пользователь illgettomorow найден
2025-02-04T23:04:29.799535+0300 [INFO] - Пользователь 1007130027 подписан на все каналы
2025-02-04T23:04:29.799986+0300 [INFO] - Пользователь в приватном чате
2025-02-04T23:05:34.914842+0300 [INFO] - Пользователь illgettomorow найден
2025-02-04T23:05:35.819451+0300 [INFO] - Пользователь 1007130027 подписан на все каналы
2025-02-04T23:05:35.819815+0300 [INFO] - Пользователь в приватном чате
2025-02-04T23:05:35.820021+0300 [INFO] - Сообщение: S от 1007130027
2025-02-04T23:05:37.359785+0300 [INFO] - Пользователь illgettomorow найден
2025-02-04T23:05:37.559796+0300 [INFO] - Пользователь 1007130027 подписан на все каналы
2025-02-04T23:05:37.560139+0300 [INFO] - Пользователь в приватном чате
2025-02-04T23:05:37.562853+0300 [INFO] - Информация о пользователе illgettomorow:
2025-02-04T23:05:37.563055+0300 [INFO] - ID: 1
2025-02-04T23:05:37.563220+0300 [INFO] - Telegram ID: 1007130027
2025-02-04T23:05:37.563325+0300 [INFO] - Username: illgettomorow
2025-02-04T23:05:37.563481+0300 [INFO] - Captcha: True
2025-02-04T23:05:37.563594+0300 [INFO] - Is Admin: False
2025-02-04T23:05:37.563728+0300 [INFO] - Is Private: False
2025-02-04T23:05:37.563856+0300 [INFO] - Money: 0
2025-02-04T23:05:37.563965+0300 [INFO] - Lids: 0
2025-02-04T23:05:46.386108+0300 [INFO] - Выводы пользователя:
2025-02-04T23:05:50.371367+0300 [INFO] - Пользователь illgettomorow найден
2025-02-04T23:05:50.654273+0300 [INFO] - Пользователь 1007130027 подписан на все каналы
2025-02-04T23:05:50.654770+0300 [INFO] - Пользователь в приватном чате
2025-02-04T23:05:54.050634+0300 [INFO] - Пользователь illgettomorow найден
2025-02-04T23:05:54.250662+0300 [INFO] - Пользователь 1007130027 подписан на все каналы
2025-02-04T23:05:54.250981+0300 [INFO] - Пользователь в приватном чате
2025-02-04T23:05:57.911590+0300 [INFO] - Пользователь illgettomorow найден
2025-02-04T23:05:58.247999+0300 [INFO] - Пользователь 1007130027 подписан на все каналы
2025-02-04T23:05:58.248633+0300 [INFO] - Пользователь в приватном чате
2025-02-04T23:06:03.779533+0300 [INFO] - Пользователь illgettomorow найден
2025-02-04T23:06:04.183630+0300 [INFO] - Пользователь 1007130027 подписан на все каналы
2025-02-04T23:06:04.183936+0300 [INFO] - Пользователь в приватном чате
2025-02-04T23:08:24.295880+0300 [INFO] - Выводы пользователя:
2025-02-04T23:08:28.372226+0300 [INFO] - Пользователь illgettomorow найден
2025-02-04T23:08:28.671793+0300 [INFO] - Пользователь 1007130027 подписан на все каналы
2025-02-04T23:08:28.672389+0300 [INFO] - Пользователь в приватном чате
2025-02-04T23:08:28.672575+0300 [ERROR] - invalid literal for int() with base 10: 'J'
2025-02-04T23:08:32.156481+0300 [INFO] - Пользователь illgettomorow найден
2025-02-04T23:08:32.664583+0300 [INFO] - Пользователь 1007130027 подписан на все каналы
2025-02-04T23:08:32.665191+0300 [INFO] - Пользователь в приватном чате
2025-02-04T23:08:37.281933+0300 [INFO] - Пользователь illgettomorow найден
2025-02-04T23:08:37.579565+0300 [INFO] - Пользователь 1007130027 подписан на все каналы
2025-02-04T23:08:37.579965+0300 [INFO] - Пользователь в приватном чате
2025-02-04T23:08:41.270951+0300 [INFO] - Пользователь illgettomorow найден
2025-02-04T23:08:41.572633+0300 [INFO] - Пользователь 1007130027 подписан на все каналы
2025-02-04T23:08:41.572962+0300 [INFO] - Пользователь в приватном чате
2025-02-04T23:08:45.469230+0300 [INFO] - Пользователь illgettomorow найден
2025-02-04T23:08:45.771103+0300 [INFO] - Пользователь 1007130027 подписан на все каналы
2025-02-04T23:08:45.771428+0300 [INFO] - Пользователь в приватном чате
2025-02-04T23:11:34.460824+0300 [INFO] - Выводы пользователя:
2025-02-04T23:11:37.505447+0300 [INFO] - Пользователь с ID 1007130027 не найден
2025-02-04T23:11:41.696261+0300 [INFO] - In Answer Middleware
2025-02-04T23:11:41.749315+0300 [INFO] - Пользователь illgettomorow добавлен в БД.
2025-02-04T23:11:41.750046+0300 [INFO] - Создан новый пользователь - illgettomorow
2025-02-04T23:11:46.615119+0300 [INFO] - Пользователь illgettomorow найден
2025-02-04T23:11:47.122140+0300 [INFO] - Пользователь 1007130027 подписан на все каналы
2025-02-04T23:11:47.122557+0300 [INFO] - Пользователь в приватном чате
2025-02-04T23:11:50.513543+0300 [INFO] - Пользователь illgettomorow найден
2025-02-04T23:11:50.709303+0300 [INFO] - Пользователь 1007130027 подписан на все каналы
2025-02-04T23:11:50.709745+0300 [INFO] - Пользователь в приватном чате
2025-02-04T23:11:55.422444+0300 [INFO] - Пользователь illgettomorow найден
2025-02-04T23:11:55.825985+0300 [INFO] - Пользователь 1007130027 подписан на все каналы
2025-02-04T23:11:55.826324+0300 [INFO] - Пользователь в приватном чате
2025-02-04T23:11:58.289536+0300 [INFO] - Пользователь illgettomorow найден
2025-02-04T23:11:58.488347+0300 [INFO] - Пользователь 1007130027 подписан на все каналы
2025-02-04T23:11:58.488668+0300 [INFO] - Пользователь в приватном чате
2025-02-04T23:12:02.898541+0300 [INFO] - Пользователь illgettomorow найден
2025-02-04T23:12:03.301240+0300 [INFO] - Пользователь 1007130027 подписан на все каналы
2025-02-04T23:12:03.301597+0300 [INFO] - Пользователь в приватном чате
2025-02-04T23:12:03.301777+0300 [INFO] - Сообщение: S от 1007130027
2025-02-04T23:12:05.148031+0300 [INFO] - Пользователь illgettomorow найден
2025-02-04T23:12:05.690575+0300 [INFO] - Пользователь 1007130027 подписан на все каналы
2025-02-04T23:12:05.691037+0300 [INFO] - Пользователь в приватном чате
2025-02-04T23:12:05.693790+0300 [INFO] - Информация о пользователе illgettomorow:
2025-02-04T23:12:05.693960+0300 [INFO] - ID: 1
2025-02-04T23:12:05.694217+0300 [INFO] - Telegram ID: 1007130027
2025-02-04T23:12:05.694390+0300 [INFO] - Username: illgettomorow
2025-02-04T23:12:05.694540+0300 [INFO] - Captcha: True
2025-02-04T23:12:05.694667+0300 [INFO] - Is Admin: False
2025-02-04T23:12:05.694799+0300 [INFO] - Is Private: False
2025-02-04T23:12:05.694913+0300 [INFO] - Money: 0
2025-02-04T23:12:05.695024+0300 [INFO] - Lids: 0
2025-02-04T23:12:10.432590+0300 [INFO] - Выводы пользователя:
2025-02-04T23:13:42.752153+0300 [INFO] - Выводы пользователя:
2025-02-04T23:14:40.794674+0300 [INFO] - Выводы пользователя:
2025-02-04T23:15:32.849821+0300 [INFO] - Выводы пользователя:
2025-02-04T23:33:04.269157+0300 [INFO] - Пользователь с ID 1007130027 не найден
2025-02-04T23:33:07.227859+0300 [INFO] - In Answer Middleware
2025-02-04T23:33:07.241323+0300 [INFO] - Пользователь illgettomorow добавлен в БД.
2025-02-04T23:33:07.241907+0300 [INFO] - Создан новый пользователь - illgettomorow
2025-02-04T23:33:13.430829+0300 [INFO] - Пользователь illgettomorow найден
2025-02-04T23:33:13.779983+0300 [INFO] - Пользователь 1007130027 подписан на все каналы
2025-02-04T23:33:13.780331+0300 [INFO] - Пользователь в приватном чате
2025-02-04T23:33:13.783264+0300 [INFO] - Информация о пользователе illgettomorow:
2025-02-04T23:33:13.783426+0300 [INFO] - ID: 1
2025-02-04T23:33:13.783569+0300 [INFO] - Telegram ID: 1007130027
2025-02-04T23:33:13.783676+0300 [INFO] - Username: illgettomorow
2025-02-04T23:33:13.783794+0300 [INFO] - Captcha: True
2025-02-04T23:33:13.783962+0300 [INFO] - Is Admin: False
2025-02-04T23:33:13.784122+0300 [INFO] - Is Private: False
2025-02-04T23:33:13.784215+0300 [INFO] - Money: 0
2025-02-04T23:33:13.784327+0300 [INFO] - Lids: 0
2025-02-04T23:33:51.859677+0300 [INFO] - Выводы пользователя:
2025-02-04T23:33:56.693021+0300 [INFO] - Пользователь illgettomorow найден
2025-02-04T23:33:57.052845+0300 [INFO] - Пользователь 1007130027 подписан на все каналы
2025-02-04T23:33:57.053272+0300 [INFO] - Пользователь в приватном чате
2025-02-04T23:34:01.400762+0300 [INFO] - Пользователь illgettomorow найден
2025-02-04T23:34:01.703617+0300 [INFO] - Пользователь 1007130027 подписан на все каналы
2025-02-04T23:34:01.704055+0300 [INFO] - Пользователь в приватном чате
2025-02-04T23:36:29.369982+0300 [INFO] - Выводы пользователя:
2025-02-04T23:36:32.340826+0300 [INFO] - Пользователь illgettomorow найден
2025-02-04T23:36:32.545516+0300 [INFO] - Пользователь 1007130027 подписан на все каналы
2025-02-04T23:36:32.546025+0300 [INFO] - Пользователь в приватном чате
2025-02-04T23:36:36.439899+0300 [INFO] - Пользователь illgettomorow найден
2025-02-04T23:36:36.893130+0300 [INFO] - Пользователь 1007130027 подписан на все каналы
2025-02-04T23:36:36.893558+0300 [INFO] - Пользователь в приватном чате
2025-02-04T23:36:39.527646+0300 [INFO] - Пользователь illgettomorow найден
2025-02-04T23:36:39.911895+0300 [INFO] - Пользователь 1007130027 подписан на все каналы
2025-02-04T23:36:39.912289+0300 [INFO] - Пользователь в приватном чате
2025-02-04T23:36:42.373678+0300 [INFO] - Пользователь illgettomorow найден
2025-02-04T23:36:42.784650+0300 [INFO] - Пользователь 1007130027 подписан на все каналы
2025-02-04T23:36:42.784999+0300 [INFO] - Пользователь в приватном чате
2025-02-04T23:36:50.875332+0300 [INFO] - Пользователь illgettomorow найден
2025-02-04T23:36:51.488470+0300 [INFO] - Пользователь 1007130027 подписан на все каналы
2025-02-04T23:36:51.488804+0300 [INFO] - Пользователь в приватном чате
2025-02-04T23:36:51.488998+0300 [INFO] - Сообщение: D от 1007130027
2025-02-04T23:36:52.736943+0300 [INFO] - Пользователь illgettomorow найден
2025-02-04T23:36:53.428724+0300 [INFO] - Пользователь 1007130027 подписан на все каналы
2025-02-04T23:36:53.429208+0300 [INFO] - Пользователь в приватном чате
2025-02-04T23:36:53.431840+0300 [INFO] - Информация о пользователе illgettomorow:
2025-02-04T23:36:53.432000+0300 [INFO] - ID: 1
2025-02-04T23:36:53.432108+0300 [INFO] - Telegram ID: 1007130027
2025-02-04T23:36:53.432230+0300 [INFO] - Username: illgettomorow
2025-02-04T23:36:53.432321+0300 [INFO] - Captcha: True
2025-02-04T23:36:53.432435+0300 [INFO] - Is Admin: False
2025-02-04T23:36:53.432519+0300 [INFO] - Is Private: False
2025-02-04T23:36:53.432604+0300 [INFO] - Money: 0
2025-02-04T23:36:53.432711+0300 [INFO] - Lids: 0
2025-02-04T23:37:27.617375+0300 [INFO] - Пользователь illgettomorow найден
2025-02-04T23:37:27.834523+0300 [INFO] - Пользователь 1007130027 подписан на все каналы
2025-02-04T23:37:27.834955+0300 [INFO] - Пользователь в приватном чате
2025-02-04T23:37:27.835260+0300 [INFO] - Сообщение: 📃 Мануал от 1007130027
2025-02-04T23:46:10.907294+0300 [INFO] - Пользователь illgettomorow найден
2025-02-04T23:46:11.879395+0300 [INFO] - Пользователь 1007130027 подписан на все каналы
2025-02-04T23:46:11.879766+0300 [INFO] - Пользователь в приватном чате
2025-02-04T23:46:11.879972+0300 [INFO] - Сообщение: А от 1007130027
2025-02-04T23:46:13.254990+0300 [INFO] - Пользователь illgettomorow найден
2025-02-04T23:46:13.557793+0300 [INFO] - Пользователь 1007130027 подписан на все каналы
2025-02-04T23:46:13.558189+0300 [INFO] - Пользователь в приватном чате
2025-02-04T23:46:13.565879+0300 [INFO] - Информация о пользователе illgettomorow:
2025-02-04T23:46:13.566042+0300 [INFO] - ID: 1
2025-02-04T23:46:13.566172+0300 [INFO] - Telegram ID: 1007130027
2025-02-04T23:46:13.566291+0300 [INFO] - Username: illgettomorow
2025-02-04T23:46:13.566387+0300 [INFO] - Captcha: True
2025-02-04T23:46:13.566510+0300 [INFO] - Is Admin: False
2025-02-04T23:46:13.566598+0300 [INFO] - Is Private: False
2025-02-04T23:46:13.566711+0300 [INFO] - Money: 0
2025-02-04T23:46:13.566797+0300 [INFO] - Lids: 0
2025-02-04T23:47:10.685758+0300 [INFO] - Пользователь с ID 1007130027 не найден
2025-02-04T23:47:13.568821+0300 [INFO] - In Answer Middleware
2025-02-04T23:47:13.582599+0300 [INFO] - Пользователь illgettomorow добавлен в БД.
2025-02-04T23:47:13.583219+0300 [INFO] - Создан новый пользователь - illgettomorow
2025-02-04T23:47:20.635267+0300 [INFO] - Пользователь illgettomorow найден
2025-02-04T23:47:21.142791+0300 [INFO] - Пользователь 1007130027 подписан на все каналы
2025-02-04T23:47:21.143202+0300 [INFO] - Пользователь в приватном чате
2025-02-04T23:47:21.146198+0300 [INFO] - Информация о пользователе illgettomorow:
2025-02-04T23:47:21.146428+0300 [INFO] - ID: 1
2025-02-04T23:47:21.146561+0300 [INFO] - Telegram ID: 1007130027
2025-02-04T23:47:21.146663+0300 [INFO] - Username: illgettomorow
2025-02-04T23:47:21.146786+0300 [INFO] - Captcha: True
2025-02-04T23:47:21.146876+0300 [INFO] - Is Admin: False
2025-02-04T23:47:21.146989+0300 [INFO] - Is Private: False
2025-02-04T23:47:21.147146+0300 [INFO] - Money: 0
2025-02-04T23:47:21.147271+0300 [INFO] - Lids: 0
2025-02-04T23:47:33.945447+0300 [INFO] - Сообщение: None от 8036451898
