2025-02-10T13:04:16.342895+0300 [INFO] - Пользователь illgettomorow найден
2025-02-10T13:04:16.751973+0300 [INFO] - Пользователь 1007130027 подписан на все каналы
2025-02-10T13:04:16.752342+0300 [INFO] - Пользователь в приватном чате
2025-02-10T13:04:16.752507+0300 [INFO] - Сообщение: А от 1007130027
2025-02-10T13:07:45.238142+0300 [INFO] - Пользователь illgettomorow найден
2025-02-10T13:07:45.632831+0300 [INFO] - Пользователь 1007130027 подписан на все каналы
2025-02-10T13:07:45.633212+0300 [INFO] - Пользователь в приватном чате
2025-02-10T13:07:45.633389+0300 [INFO] - Сообщение: /start от 1007130027
2025-02-10T13:07:50.737631+0300 [INFO] - Пользователь illgettomorow найден
2025-02-10T13:07:50.931478+0300 [INFO] - Пользователь 1007130027 подписан на все каналы
2025-02-10T13:07:50.931788+0300 [INFO] - Пользователь в приватном чате
2025-02-10T13:07:50.931965+0300 [INFO] - Сообщение: /start от 1007130027
2025-02-10T13:11:44.650026+0300 [INFO] - Пользователь illgettomorow найден
2025-02-10T13:11:45.839783+0300 [INFO] - Пользователь 1007130027 подписан на все каналы
2025-02-10T13:11:45.840242+0300 [INFO] - Пользователь в приватном чате
2025-02-10T13:11:45.843276+0300 [INFO] - Информация о пользователе illgettomorow:
2025-02-10T13:11:45.843435+0300 [INFO] - ID: 1
2025-02-10T13:11:45.843579+0300 [INFO] - Telegram ID: 1007130027
2025-02-10T13:11:45.843680+0300 [INFO] - Username: illgettomorow
2025-02-10T13:11:45.843828+0300 [INFO] - Captcha: True
2025-02-10T13:11:45.843922+0300 [INFO] - Is Admin: False
2025-02-10T13:11:45.844010+0300 [INFO] - Is Private: True
2025-02-10T13:11:45.844096+0300 [INFO] - Money: 300
2025-02-10T13:11:45.844231+0300 [INFO] - Lids: 0
2025-02-10T13:11:50.116167+0300 [INFO] - Информация о пользователе illgettomorow:
2025-02-10T13:11:50.116425+0300 [INFO] - ID: 1
2025-02-10T13:11:50.116573+0300 [INFO] - Telegram ID: 1007130027
2025-02-10T13:11:50.116698+0300 [INFO] - Username: illgettomorow
2025-02-10T13:11:50.116889+0300 [INFO] - Captcha: True
2025-02-10T13:11:50.117171+0300 [INFO] - Is Admin: False
2025-02-10T13:11:50.117364+0300 [INFO] - Is Private: True
2025-02-10T13:11:50.117468+0300 [INFO] - Money: 300
2025-02-10T13:11:50.117586+0300 [INFO] - Lids: 0
2025-02-10T13:11:50.123234+0300 [INFO] - Статус обновлен для пользователя 1007130027
2025-02-10T13:11:51.783221+0300 [INFO] - Пользователь illgettomorow найден
2025-02-10T13:11:51.983856+0300 [INFO] - Пользователь 1007130027 подписан на все каналы
2025-02-10T13:11:51.984268+0300 [INFO] - Пользователь в приватном чате
2025-02-10T13:11:51.987532+0300 [INFO] - Информация о пользователе illgettomorow:
2025-02-10T13:11:51.987752+0300 [INFO] - ID: 1
2025-02-10T13:11:51.987915+0300 [INFO] - Telegram ID: 1007130027
2025-02-10T13:11:51.988092+0300 [INFO] - Username: illgettomorow
2025-02-10T13:11:51.988219+0300 [INFO] - Captcha: True
2025-02-10T13:11:51.988340+0300 [INFO] - Is Admin: False
2025-02-10T13:11:51.988459+0300 [INFO] - Is Private: False
2025-02-10T13:11:51.988575+0300 [INFO] - Money: 300
2025-02-10T13:11:51.988690+0300 [INFO] - Lids: 0
2025-02-10T13:13:36.576792+0300 [INFO] - Информация о пользователе illgettomorow:
2025-02-10T13:13:36.577132+0300 [INFO] - ID: 1
2025-02-10T13:13:36.577286+0300 [INFO] - Telegram ID: 1007130027
2025-02-10T13:13:36.577452+0300 [INFO] - Username: illgettomorow
2025-02-10T13:13:36.577552+0300 [INFO] - Captcha: True
2025-02-10T13:13:36.577672+0300 [INFO] - Is Admin: False
2025-02-10T13:13:36.577787+0300 [INFO] - Is Private: False
2025-02-10T13:13:36.577902+0300 [INFO] - Money: 300
2025-02-10T13:13:36.577988+0300 [INFO] - Lids: 0
2025-02-10T13:13:36.583115+0300 [INFO] - Статус обновлен для пользователя 1007130027
2025-02-10T13:14:56.310897+0300 [INFO] - Пользователь illgettomorow найден
2025-02-10T13:14:56.558786+0300 [INFO] - Пользователь 1007130027 подписан на все каналы
2025-02-10T13:14:56.559294+0300 [INFO] - Пользователь в приватном чате
2025-02-10T13:15:59.500253+0300 [INFO] - Пользователь illgettomorow найден
2025-02-10T13:16:00.103845+0300 [INFO] - Пользователь 1007130027 подписан на все каналы
2025-02-10T13:16:00.104298+0300 [INFO] - Пользователь в приватном чате
2025-02-10T13:22:11.769334+0300 [INFO] - Пользователь danre2 найден
2025-02-10T13:22:12.533378+0300 [INFO] - Пользователь 5616423791 подписан на все каналы
2025-02-10T13:22:12.533856+0300 [INFO] - Пользователь в приватном чате
2025-02-10T13:22:12.537562+0300 [INFO] - Информация о пользователе danre2:
2025-02-10T13:22:12.537758+0300 [INFO] - ID: 2
2025-02-10T13:22:12.537908+0300 [INFO] - Telegram ID: 5616423791
2025-02-10T13:22:12.538041+0300 [INFO] - Username: danre2
2025-02-10T13:22:12.538167+0300 [INFO] - Captcha: True
2025-02-10T13:22:12.538291+0300 [INFO] - Is Admin: True
2025-02-10T13:22:12.538411+0300 [INFO] - Is Private: False
2025-02-10T13:22:12.538530+0300 [INFO] - Money: 11000
2025-02-10T13:22:12.538648+0300 [INFO] - Lids: 0
2025-02-10T13:22:21.475099+0300 [INFO] - Выводы пользователя:
2025-02-10T13:22:28.108288+0300 [INFO] - Пользователь danre2 найден
2025-02-10T13:22:28.302973+0300 [INFO] - Пользователь 5616423791 подписан на все каналы
2025-02-10T13:22:28.303451+0300 [INFO] - Пользователь в приватном чате
2025-02-10T13:22:28.306296+0300 [INFO] - Информация о пользователе danre2:
2025-02-10T13:22:28.306465+0300 [INFO] - ID: 2
2025-02-10T13:22:28.306587+0300 [INFO] - Telegram ID: 5616423791
2025-02-10T13:22:28.306722+0300 [INFO] - Username: danre2
2025-02-10T13:22:28.306850+0300 [INFO] - Captcha: True
2025-02-10T13:22:28.306973+0300 [INFO] - Is Admin: True
2025-02-10T13:22:28.307153+0300 [INFO] - Is Private: False
2025-02-10T13:22:28.307304+0300 [INFO] - Money: 11000
2025-02-10T13:22:28.307433+0300 [INFO] - Lids: 0
2025-02-10T13:22:29.945816+0300 [INFO] - Пользователь danre2 найден
2025-02-10T13:22:30.254075+0300 [INFO] - Пользователь 5616423791 подписан на все каналы
2025-02-10T13:22:30.254416+0300 [INFO] - Пользователь в приватном чате
2025-02-10T13:22:31.072402+0300 [INFO] - Пользователь danre2 найден
2025-02-10T13:22:31.271567+0300 [INFO] - Пользователь 5616423791 подписан на все каналы
2025-02-10T13:22:31.271990+0300 [INFO] - Пользователь в приватном чате
2025-02-10T13:22:32.250503+0300 [INFO] - Пользователь danre2 найден
2025-02-10T13:22:32.603817+0300 [INFO] - Пользователь 5616423791 подписан на все каналы
2025-02-10T13:22:32.604257+0300 [INFO] - Пользователь в приватном чате
2025-02-10T13:23:32.615798+0300 [INFO] - Пользователь illgettomorow найден
2025-02-10T13:23:32.923197+0300 [INFO] - Пользователь 1007130027 подписан на все каналы
2025-02-10T13:23:32.923543+0300 [INFO] - Пользователь в приватном чате
2025-02-10T13:23:45.624638+0300 [INFO] - Заявка 17 cо статусом ✅ Подтверждена
2025-02-10T13:24:50.363076+0300 [INFO] - Заявка 18 cо статусом ❌ Отклонена
2025-02-10T13:28:01.727624+0300 [INFO] - Пользователь illgettomorow найден
2025-02-10T13:28:02.130529+0300 [INFO] - Пользователь 1007130027 подписан на все каналы
2025-02-10T13:28:02.130952+0300 [INFO] - Пользователь в приватном чате
2025-02-10T13:28:02.134599+0300 [INFO] - Информация о пользователе illgettomorow:
2025-02-10T13:28:02.134800+0300 [INFO] - ID: 1
2025-02-10T13:28:02.134946+0300 [INFO] - Telegram ID: 1007130027
2025-02-10T13:28:02.135044+0300 [INFO] - Username: illgettomorow
2025-02-10T13:28:02.135162+0300 [INFO] - Captcha: True
2025-02-10T13:28:02.135249+0300 [INFO] - Is Admin: False
2025-02-10T13:28:02.135359+0300 [INFO] - Is Private: True
2025-02-10T13:28:02.135492+0300 [INFO] - Money: 0
2025-02-10T13:28:02.135595+0300 [INFO] - Lids: 0
2025-02-10T13:28:06.610765+0300 [INFO] - Пользователь illgettomorow найден
2025-02-10T13:28:06.717608+0300 [INFO] - Пользователь 1007130027 подписан на все каналы
2025-02-10T13:28:06.717980+0300 [INFO] - Пользователь в приватном чате
2025-02-10T13:28:10.886442+0300 [INFO] - Пользователь illgettomorow найден
2025-02-10T13:28:11.040667+0300 [INFO] - Пользователь 1007130027 подписан на все каналы
2025-02-10T13:28:11.041031+0300 [INFO] - Пользователь в приватном чате
2025-02-10T13:28:23.433838+0300 [INFO] - Пользователь danre2 найден
2025-02-10T13:28:23.634887+0300 [INFO] - Пользователь 5616423791 подписан на все каналы
2025-02-10T13:28:23.635253+0300 [INFO] - Пользователь в приватном чате
2025-02-10T13:28:23.638274+0300 [INFO] - Информация о пользователе danre2:
2025-02-10T13:28:23.638442+0300 [INFO] - ID: 2
2025-02-10T13:28:23.638629+0300 [INFO] - Telegram ID: 5616423791
2025-02-10T13:28:23.638733+0300 [INFO] - Username: danre2
2025-02-10T13:28:23.638908+0300 [INFO] - Captcha: True
2025-02-10T13:28:23.639009+0300 [INFO] - Is Admin: True
2025-02-10T13:28:23.639102+0300 [INFO] - Is Private: False
2025-02-10T13:28:23.639190+0300 [INFO] - Money: 11000
2025-02-10T13:28:23.639329+0300 [INFO] - Lids: 0
2025-02-10T13:28:28.312603+0300 [INFO] - Выводы пользователя:
2025-02-10T13:28:31.114141+0300 [INFO] - Пользователь danre2 найден
2025-02-10T13:28:31.314935+0300 [INFO] - Пользователь 5616423791 подписан на все каналы
2025-02-10T13:28:31.315357+0300 [INFO] - Пользователь в приватном чате
2025-02-10T13:28:31.318129+0300 [INFO] - Информация о пользователе danre2:
2025-02-10T13:28:31.318303+0300 [INFO] - ID: 2
2025-02-10T13:28:31.318490+0300 [INFO] - Telegram ID: 5616423791
2025-02-10T13:28:31.318590+0300 [INFO] - Username: danre2
2025-02-10T13:28:31.318710+0300 [INFO] - Captcha: True
2025-02-10T13:28:31.318843+0300 [INFO] - Is Admin: True
2025-02-10T13:28:31.318934+0300 [INFO] - Is Private: False
2025-02-10T13:28:31.319042+0300 [INFO] - Money: 11000
2025-02-10T13:28:31.319128+0300 [INFO] - Lids: 0
2025-02-10T13:28:34.493669+0300 [INFO] - Пользователь danre2 найден
2025-02-10T13:28:34.796336+0300 [INFO] - Пользователь 5616423791 подписан на все каналы
2025-02-10T13:28:34.796692+0300 [INFO] - Пользователь в приватном чате
2025-02-10T13:28:37.463486+0300 [INFO] - Пользователь danre2 найден
2025-02-10T13:28:37.765837+0300 [INFO] - Пользователь 5616423791 подписан на все каналы
2025-02-10T13:28:37.766232+0300 [INFO] - Пользователь в приватном чате
2025-02-10T13:28:41.968642+0300 [INFO] - Пользователь danre2 найден
2025-02-10T13:28:42.271760+0300 [INFO] - Пользователь 5616423791 подписан на все каналы
2025-02-10T13:28:42.272254+0300 [INFO] - Пользователь в приватном чате
2025-02-10T13:28:51.393117+0300 [INFO] - Пользователь illgettomorow найден
2025-02-10T13:28:51.692439+0300 [INFO] - Пользователь 1007130027 подписан на все каналы
2025-02-10T13:28:51.692822+0300 [INFO] - Пользователь в приватном чате
2025-02-10T13:29:16.587597+0300 [INFO] - Заявка 19 cо статусом ✅ Подтверждена
2025-02-10T13:29:20.471089+0300 [INFO] - Пользователь illgettomorow найден
2025-02-10T13:29:20.774420+0300 [INFO] - Пользователь 1007130027 подписан на все каналы
2025-02-10T13:29:20.774787+0300 [INFO] - Пользователь в приватном чате
2025-02-10T13:29:20.777660+0300 [INFO] - Информация о пользователе illgettomorow:
2025-02-10T13:29:20.777899+0300 [INFO] - ID: 1
2025-02-10T13:29:20.778055+0300 [INFO] - Telegram ID: 1007130027
2025-02-10T13:29:20.778231+0300 [INFO] - Username: illgettomorow
2025-02-10T13:29:20.778333+0300 [INFO] - Captcha: True
2025-02-10T13:29:20.778429+0300 [INFO] - Is Admin: False
2025-02-10T13:29:20.778543+0300 [INFO] - Is Private: True
2025-02-10T13:29:20.778633+0300 [INFO] - Money: 0
2025-02-10T13:29:20.778754+0300 [INFO] - Lids: 0
2025-02-10T13:29:33.886640+0300 [INFO] - Пользователь illgettomorow найден
2025-02-10T13:29:34.084703+0300 [INFO] - Пользователь 1007130027 подписан на все каналы
2025-02-10T13:29:34.085051+0300 [INFO] - Пользователь в приватном чате
2025-02-10T13:29:39.114955+0300 [INFO] - Пользователь illgettomorow найден
2025-02-10T13:29:39.411695+0300 [INFO] - Пользователь 1007130027 подписан на все каналы
2025-02-10T13:29:39.412263+0300 [INFO] - Пользователь в приватном чате
2025-02-10T13:30:26.212245+0300 [INFO] - Пользователь illgettomorow найден
2025-02-10T13:30:26.515838+0300 [INFO] - Пользователь 1007130027 подписан на все каналы
2025-02-10T13:30:26.516208+0300 [INFO] - Пользователь в приватном чате
2025-02-10T13:30:26.518910+0300 [INFO] - Информация о пользователе illgettomorow:
2025-02-10T13:30:26.519070+0300 [INFO] - ID: 1
2025-02-10T13:30:26.519181+0300 [INFO] - Telegram ID: 1007130027
2025-02-10T13:30:26.519304+0300 [INFO] - Username: illgettomorow
2025-02-10T13:30:26.519400+0300 [INFO] - Captcha: True
2025-02-10T13:30:26.519521+0300 [INFO] - Is Admin: False
2025-02-10T13:30:26.519639+0300 [INFO] - Is Private: True
2025-02-10T13:30:26.519790+0300 [INFO] - Money: 0
2025-02-10T13:30:26.519883+0300 [INFO] - Lids: 0
2025-02-10T13:30:55.193319+0300 [INFO] - Пользователь illgettomorow найден
2025-02-10T13:30:55.392985+0300 [INFO] - Пользователь 1007130027 подписан на все каналы
2025-02-10T13:30:55.393396+0300 [INFO] - Пользователь в приватном чате
2025-02-10T13:44:51.635880+0300 [INFO] - Пользователь illgettomorow найден
2025-02-10T13:44:52.554725+0300 [INFO] - Пользователь 1007130027 подписан на все каналы
2025-02-10T13:44:52.555096+0300 [INFO] - Пользователь в приватном чате
2025-02-10T13:44:55.647757+0300 [INFO] - Пользователь illgettomorow найден
2025-02-10T13:44:55.779349+0300 [INFO] - Пользователь 1007130027 подписан на все каналы
2025-02-10T13:44:55.779766+0300 [INFO] - Пользователь в приватном чате
2025-02-10T13:44:55.782592+0300 [INFO] - Информация о пользователе illgettomorow:
2025-02-10T13:44:55.782766+0300 [INFO] - ID: 1
2025-02-10T13:44:55.782903+0300 [INFO] - Telegram ID: 1007130027
2025-02-10T13:44:55.783022+0300 [INFO] - Username: illgettomorow
2025-02-10T13:44:55.783132+0300 [INFO] - Captcha: True
2025-02-10T13:44:55.783246+0300 [INFO] - Is Admin: False
2025-02-10T13:44:55.783348+0300 [INFO] - Is Private: True
2025-02-10T13:44:55.783436+0300 [INFO] - Money: 0
2025-02-10T13:44:55.783545+0300 [INFO] - Lids: 0
2025-02-10T13:53:48.847035+0300 [INFO] - Пользователь illgettomorow найден
2025-02-10T13:53:49.598442+0300 [INFO] - Пользователь 1007130027 подписан на все каналы
2025-02-10T13:53:49.598843+0300 [INFO] - Пользователь в приватном чате
2025-02-10T13:54:38.418755+0300 [INFO] - Пользователь illgettomorow найден
2025-02-10T13:54:39.100458+0300 [INFO] - Пользователь 1007130027 подписан на все каналы
2025-02-10T13:54:39.100890+0300 [INFO] - Пользователь в приватном чате
2025-02-10T13:58:11.640603+0300 [INFO] - Пользователь illgettomorow найден
2025-02-10T13:58:11.877180+0300 [INFO] - Пользователь 1007130027 подписан на все каналы
2025-02-10T13:58:11.877515+0300 [INFO] - Пользователь в приватном чате
2025-02-10T13:59:34.351447+0300 [INFO] - Пользователь illgettomorow найден
2025-02-10T13:59:34.635287+0300 [INFO] - Пользователь 1007130027 подписан на все каналы
2025-02-10T13:59:34.635764+0300 [INFO] - Пользователь в приватном чате
2025-02-10T14:00:47.771685+0300 [INFO] - Пользователь illgettomorow найден
2025-02-10T14:00:47.947618+0300 [INFO] - Пользователь 1007130027 подписан на все каналы
2025-02-10T14:00:47.947977+0300 [INFO] - Пользователь в приватном чате
2025-02-10T14:02:30.794667+0300 [INFO] - Пользователь illgettomorow найден
2025-02-10T14:02:31.372278+0300 [INFO] - Пользователь 1007130027 подписан на все каналы
2025-02-10T14:02:31.372724+0300 [INFO] - Пользователь в приватном чате
2025-02-10T14:09:11.188504+0300 [INFO] - Пользователь illgettomorow найден
2025-02-10T14:09:11.963656+0300 [INFO] - Пользователь 1007130027 подписан на все каналы
2025-02-10T14:09:11.964074+0300 [INFO] - Пользователь в приватном чате
2025-02-10T14:10:40.557015+0300 [INFO] - Пользователь illgettomorow найден
2025-02-10T14:10:42.372863+0300 [INFO] - Пользователь 1007130027 подписан на все каналы
2025-02-10T14:10:42.373147+0300 [INFO] - Пользователь в приватном чате
2025-02-10T14:12:07.410827+0300 [INFO] - Пользователь illgettomorow найден
2025-02-10T14:12:08.328816+0300 [INFO] - Пользователь 1007130027 подписан на все каналы
2025-02-10T14:12:08.329225+0300 [INFO] - Пользователь в приватном чате
2025-02-10T14:14:20.629186+0300 [INFO] - Пользователь illgettomorow найден
2025-02-10T14:14:21.219351+0300 [INFO] - Пользователь 1007130027 подписан на все каналы
2025-02-10T14:14:21.220534+0300 [INFO] - Пользователь в приватном чате
2025-02-10T14:14:25.741455+0300 [INFO] - Информация о пользователе danre2:
2025-02-10T14:14:25.741777+0300 [INFO] - ID: 2
2025-02-10T14:14:25.742022+0300 [INFO] - Telegram ID: 5616423791
2025-02-10T14:14:25.742220+0300 [INFO] - Username: danre2
2025-02-10T14:14:25.742420+0300 [INFO] - Captcha: True
2025-02-10T14:14:25.742567+0300 [INFO] - Is Admin: True
2025-02-10T14:14:25.742711+0300 [INFO] - Is Private: False
2025-02-10T14:14:25.742846+0300 [INFO] - Money: 1000
2025-02-10T14:14:25.742965+0300 [INFO] - Lids: 0
2025-02-10T14:14:25.745459+0300 [INFO] - Информация о пользователе Highly_Moderator:
2025-02-10T14:14:25.745629+0300 [INFO] - ID: 3
2025-02-10T14:14:25.745764+0300 [INFO] - Telegram ID: 7768265621
2025-02-10T14:14:25.745894+0300 [INFO] - Username: Highly_Moderator
2025-02-10T14:14:25.746034+0300 [INFO] - Captcha: True
2025-02-10T14:14:25.746161+0300 [INFO] - Is Admin: False
2025-02-10T14:14:25.746250+0300 [INFO] - Is Private: True
2025-02-10T14:14:25.746355+0300 [INFO] - Money: 123
2025-02-10T14:14:25.746477+0300 [INFO] - Lids: 0
2025-02-10T14:14:25.748644+0300 [INFO] - Пользователь с ID 3 не найден
2025-02-10T14:14:28.491947+0300 [INFO] - Информация о пользователе danre2:
2025-02-10T14:14:28.492192+0300 [INFO] - ID: 2
2025-02-10T14:14:28.492331+0300 [INFO] - Telegram ID: 5616423791
2025-02-10T14:14:28.492471+0300 [INFO] - Username: danre2
2025-02-10T14:14:28.492572+0300 [INFO] - Captcha: True
2025-02-10T14:14:28.492702+0300 [INFO] - Is Admin: True
2025-02-10T14:14:28.492787+0300 [INFO] - Is Private: False
2025-02-10T14:14:28.492897+0300 [INFO] - Money: 1000
2025-02-10T14:14:28.492979+0300 [INFO] - Lids: 0
2025-02-10T14:14:28.495425+0300 [INFO] - Информация о пользователе Highly_Moderator:
2025-02-10T14:14:28.495607+0300 [INFO] - ID: 3
2025-02-10T14:14:28.495719+0300 [INFO] - Telegram ID: 7768265621
2025-02-10T14:14:28.495836+0300 [INFO] - Username: Highly_Moderator
2025-02-10T14:14:28.495925+0300 [INFO] - Captcha: True
2025-02-10T14:14:28.496037+0300 [INFO] - Is Admin: False
2025-02-10T14:14:28.496116+0300 [INFO] - Is Private: True
2025-02-10T14:14:28.496226+0300 [INFO] - Money: 123
2025-02-10T14:14:28.496303+0300 [INFO] - Lids: 0
2025-02-10T14:14:28.498851+0300 [INFO] - Пользователь с ID 3 не найден
2025-02-10T14:14:29.310962+0300 [INFO] - Информация о пользователе illgettomorow:
2025-02-10T14:14:29.311278+0300 [INFO] - ID: 1
2025-02-10T14:14:29.311442+0300 [INFO] - Telegram ID: 1007130027
2025-02-10T14:14:29.311570+0300 [INFO] - Username: illgettomorow
2025-02-10T14:14:29.311704+0300 [INFO] - Captcha: True
2025-02-10T14:14:29.311813+0300 [INFO] - Is Admin: False
2025-02-10T14:14:29.311923+0300 [INFO] - Is Private: True
2025-02-10T14:14:29.312005+0300 [INFO] - Money: 0
2025-02-10T14:14:29.312112+0300 [INFO] - Lids: 0
2025-02-10T14:14:49.996530+0300 [INFO] - Информация о пользователе danre2:
2025-02-10T14:14:49.996794+0300 [INFO] - ID: 2
2025-02-10T14:14:49.996986+0300 [INFO] - Telegram ID: 5616423791
2025-02-10T14:14:49.997204+0300 [INFO] - Username: danre2
2025-02-10T14:14:49.997357+0300 [INFO] - Captcha: True
2025-02-10T14:14:49.997487+0300 [INFO] - Is Admin: True
2025-02-10T14:14:49.997676+0300 [INFO] - Is Private: False
2025-02-10T14:14:49.997870+0300 [INFO] - Money: 1000
2025-02-10T14:14:49.998024+0300 [INFO] - Lids: 0
2025-02-10T14:14:50.000415+0300 [INFO] - Информация о пользователе Highly_Moderator:
2025-02-10T14:14:50.000576+0300 [INFO] - ID: 3
2025-02-10T14:14:50.000708+0300 [INFO] - Telegram ID: 7768265621
2025-02-10T14:14:50.000822+0300 [INFO] - Username: Highly_Moderator
2025-02-10T14:14:50.000914+0300 [INFO] - Captcha: True
2025-02-10T14:14:50.001028+0300 [INFO] - Is Admin: False
2025-02-10T14:14:50.001118+0300 [INFO] - Is Private: True
2025-02-10T14:14:50.001233+0300 [INFO] - Money: 123
2025-02-10T14:14:50.001318+0300 [INFO] - Lids: 0
2025-02-10T14:14:50.003872+0300 [INFO] - Пользователь с ID 3 не найден
2025-02-10T14:15:01.261017+0300 [INFO] - Информация о пользователе illgettomorow:
2025-02-10T14:15:01.261287+0300 [INFO] - ID: 1
2025-02-10T14:15:01.261429+0300 [INFO] - Telegram ID: 1007130027
2025-02-10T14:15:01.261565+0300 [INFO] - Username: illgettomorow
2025-02-10T14:15:01.261669+0300 [INFO] - Captcha: True
2025-02-10T14:15:01.261773+0300 [INFO] - Is Admin: False
2025-02-10T14:15:01.261870+0300 [INFO] - Is Private: True
2025-02-10T14:15:01.261968+0300 [INFO] - Money: 0
2025-02-10T14:15:01.262053+0300 [INFO] - Lids: 0
2025-02-10T14:15:11.715639+0300 [INFO] - Пользователь illgettomorow найден
2025-02-10T14:15:11.883953+0300 [INFO] - Пользователь 1007130027 подписан на все каналы
2025-02-10T14:15:11.884468+0300 [INFO] - Пользователь в приватном чате
2025-02-10T14:15:17.788427+0300 [INFO] - Информация о пользователе illgettomorow:
2025-02-10T14:15:17.788693+0300 [INFO] - ID: 1
2025-02-10T14:15:17.788828+0300 [INFO] - Telegram ID: 1007130027
2025-02-10T14:15:17.788958+0300 [INFO] - Username: illgettomorow
2025-02-10T14:15:17.789082+0300 [INFO] - Captcha: True
2025-02-10T14:15:17.789195+0300 [INFO] - Is Admin: False
2025-02-10T14:15:17.789280+0300 [INFO] - Is Private: True
2025-02-10T14:15:17.789402+0300 [INFO] - Money: 0
2025-02-10T14:15:17.789520+0300 [INFO] - Lids: 0
2025-02-10T14:15:34.640314+0300 [INFO] - Пользователь illgettomorow найден
2025-02-10T14:15:34.945722+0300 [INFO] - Пользователь 1007130027 подписан на все каналы
2025-02-10T14:15:34.946117+0300 [INFO] - Пользователь в приватном чате
2025-02-10T14:15:34.963855+0300 [INFO] - Rename 2: Хыхых
2025-02-10T14:15:45.087290+0300 [INFO] - Информация о пользователе illgettomorow:
2025-02-10T14:15:45.087583+0300 [INFO] - ID: 1
2025-02-10T14:15:45.087769+0300 [INFO] - Telegram ID: 1007130027
2025-02-10T14:15:45.087928+0300 [INFO] - Username: illgettomorow
2025-02-10T14:15:45.088065+0300 [INFO] - Captcha: True
2025-02-10T14:15:45.088198+0300 [INFO] - Is Admin: False
2025-02-10T14:15:45.088318+0300 [INFO] - Is Private: True
2025-02-10T14:15:45.088407+0300 [INFO] - Money: 0
2025-02-10T14:15:45.088513+0300 [INFO] - Lids: 0
2025-02-10T14:15:49.387920+0300 [INFO] - Информация о пользователе danre2:
2025-02-10T14:15:49.388169+0300 [INFO] - ID: 2
2025-02-10T14:15:49.388287+0300 [INFO] - Telegram ID: 5616423791
2025-02-10T14:15:49.388411+0300 [INFO] - Username: danre2
2025-02-10T14:15:49.388508+0300 [INFO] - Captcha: True
2025-02-10T14:15:49.388624+0300 [INFO] - Is Admin: True
2025-02-10T14:15:49.388761+0300 [INFO] - Is Private: False
2025-02-10T14:15:49.388848+0300 [INFO] - Money: 1000
2025-02-10T14:15:49.388972+0300 [INFO] - Lids: 0
2025-02-10T14:15:49.391517+0300 [INFO] - Информация о пользователе Highly_Moderator:
2025-02-10T14:15:49.391720+0300 [INFO] - ID: 3
2025-02-10T14:15:49.391854+0300 [INFO] - Telegram ID: 7768265621
2025-02-10T14:15:49.391986+0300 [INFO] - Username: Highly_Moderator
2025-02-10T14:15:49.392105+0300 [INFO] - Captcha: True
2025-02-10T14:15:49.392208+0300 [INFO] - Is Admin: False
2025-02-10T14:15:49.392311+0300 [INFO] - Is Private: True
2025-02-10T14:15:49.392413+0300 [INFO] - Money: 123
2025-02-10T14:15:49.392508+0300 [INFO] - Lids: 0
2025-02-10T14:15:49.394958+0300 [INFO] - Пользователь с ID 3 не найден
2025-02-10T14:18:29.985172+0300 [INFO] - Пользователь illgettomorow найден
2025-02-10T14:18:31.171374+0300 [INFO] - Пользователь 1007130027 подписан на все каналы
2025-02-10T14:18:31.171807+0300 [INFO] - Пользователь в приватном чате
2025-02-10T14:18:36.301650+0300 [INFO] - Оффер принадлежит: 5616423791
2025-02-10T14:18:36.301908+0300 [INFO] - Оффер принадлежит: 7768265621
2025-02-10T14:18:36.302032+0300 [INFO] - Оффер принадлежит: 3
2025-02-10T14:18:36.302255+0300 [INFO] - Оффер принадлежит: 1007130027
2025-02-10T14:18:42.060933+0300 [INFO] - Оффер принадлежит: 5616423791
2025-02-10T14:18:42.061254+0300 [INFO] - Оффер принадлежит: 7768265621
2025-02-10T14:18:42.061375+0300 [INFO] - Оффер принадлежит: 3
2025-02-10T14:18:42.061553+0300 [INFO] - Оффер принадлежит: 1007130027
2025-02-10T14:24:29.924057+0300 [INFO] - Пользователь illgettomorow найден
2025-02-10T14:24:31.314059+0300 [INFO] - Пользователь 1007130027 подписан на все каналы
2025-02-10T14:24:31.314460+0300 [INFO] - Пользователь в приватном чате
2025-02-10T14:24:33.191253+0300 [INFO] - Оффер принадлежит: 5616423791
2025-02-10T14:24:33.191496+0300 [INFO] - Оффер принадлежит: 7768265621
2025-02-10T14:24:33.191618+0300 [INFO] - Оффер принадлежит: 3
2025-02-10T14:24:33.191796+0300 [INFO] - Оффер принадлежит: 1007130027
2025-02-10T14:24:37.264207+0300 [INFO] - Оффер принадлежит: 5616423791
2025-02-10T14:24:37.264663+0300 [INFO] - Оффер принадлежит: 7768265621
2025-02-10T14:24:37.264783+0300 [INFO] - Оффер принадлежит: 3
2025-02-10T14:24:37.264941+0300 [INFO] - Оффер принадлежит: 1007130027
2025-02-10T14:25:16.516343+0300 [INFO] - Оффер принадлежит: 5616423791
2025-02-10T14:25:16.516959+0300 [INFO] - Оффер принадлежит: 7768265621
2025-02-10T14:25:16.517183+0300 [INFO] - Оффер принадлежит: 3
2025-02-10T14:25:16.517340+0300 [INFO] - Оффер принадлежит: 1007130027
2025-02-10T14:25:49.657249+0300 [INFO] - Пользователь illgettomorow найден
2025-02-10T14:25:49.854777+0300 [INFO] - Пользователь 1007130027 подписан на все каналы
2025-02-10T14:25:49.855121+0300 [INFO] - Пользователь в приватном чате
2025-02-10T14:25:49.858636+0300 [INFO] - Информация о пользователе illgettomorow:
2025-02-10T14:25:49.858934+0300 [INFO] - ID: 1
2025-02-10T14:25:49.859137+0300 [INFO] - Telegram ID: 1007130027
2025-02-10T14:25:49.859359+0300 [INFO] - Username: illgettomorow
2025-02-10T14:25:49.859494+0300 [INFO] - Captcha: True
2025-02-10T14:25:49.859612+0300 [INFO] - Is Admin: False
2025-02-10T14:25:49.859708+0300 [INFO] - Is Private: True
2025-02-10T14:25:49.859863+0300 [INFO] - Money: 0
2025-02-10T14:25:49.859975+0300 [INFO] - Lids: 0
2025-02-10T14:27:17.724575+0300 [INFO] - Пользователь illgettomorow найден
2025-02-10T14:27:18.124405+0300 [INFO] - Пользователь 1007130027 подписан на все каналы
2025-02-10T14:27:18.124726+0300 [INFO] - Пользователь в приватном чате
2025-02-10T14:27:18.124902+0300 [INFO] - Сообщение: /start от 1007130027
2025-02-10T14:28:02.126959+0300 [INFO] - Пользователь illgettomorow найден
2025-02-10T14:28:02.710015+0300 [INFO] - Пользователь 1007130027 подписан на все каналы
2025-02-10T14:28:02.710447+0300 [INFO] - Пользователь в приватном чате
2025-02-10T14:28:04.854218+0300 [INFO] - Оффер принадлежит: 5616423791
2025-02-10T14:28:04.854459+0300 [INFO] - Оффер принадлежит: 7768265621
2025-02-10T14:28:04.854622+0300 [INFO] - Оффер принадлежит: 3
2025-02-10T14:28:04.854775+0300 [INFO] - Оффер принадлежит: 1007130027
2025-02-10T14:28:10.369149+0300 [INFO] - Пользователь illgettomorow найден
2025-02-10T14:28:10.537433+0300 [INFO] - Пользователь 1007130027 подписан на все каналы
2025-02-10T14:28:10.537818+0300 [INFO] - Пользователь в приватном чате
2025-02-10T14:28:16.632392+0300 [INFO] - USER ID IN OFFER 1007130027
2025-02-10T14:28:16.643799+0300 [INFO] - Пользователь с ID 1007130027 привязан к офферу с ID 1.
2025-02-10T14:28:27.969085+0300 [INFO] - Оффер принадлежит: 5616423791
2025-02-10T14:28:27.969330+0300 [INFO] - Оффер принадлежит: 7768265621
2025-02-10T14:28:27.969471+0300 [INFO] - Оффер принадлежит: 3
2025-02-10T14:28:27.969569+0300 [INFO] - Оффер принадлежит: 1007130027
2025-02-10T14:28:27.969690+0300 [INFO] - Оффер принадлежит: 1007130027
2025-02-10T14:52:47.792239+0300 [INFO] - Пользователь illgettomorow найден
2025-02-10T14:52:49.116636+0300 [INFO] - Пользователь 1007130027 подписан на все каналы
2025-02-10T14:52:49.117037+0300 [INFO] - Пользователь в приватном чате
2025-02-10T14:52:49.120725+0300 [INFO] - Информация о пользователе illgettomorow:
2025-02-10T14:52:49.120892+0300 [INFO] - ID: 1
2025-02-10T14:52:49.121028+0300 [INFO] - Telegram ID: 1007130027
2025-02-10T14:52:49.121171+0300 [INFO] - Username: illgettomorow
2025-02-10T14:52:49.121282+0300 [INFO] - Captcha: True
2025-02-10T14:52:49.121382+0300 [INFO] - Is Admin: False
2025-02-10T14:52:49.121467+0300 [INFO] - Is Private: True
2025-02-10T14:52:49.121570+0300 [INFO] - Money: 0
2025-02-10T14:52:49.121680+0300 [INFO] - Lids: 0
2025-02-10T14:53:14.556204+0300 [INFO] - Пользователь illgettomorow найден
2025-02-10T14:53:15.359149+0300 [INFO] - Пользователь 1007130027 подписан на все каналы
2025-02-10T14:53:15.359552+0300 [INFO] - Пользователь в приватном чате
2025-02-10T14:54:49.689749+0300 [INFO] - Оффер принадлежит: 5616423791
2025-02-10T14:54:49.690132+0300 [INFO] - Оффер принадлежит: 7768265621
2025-02-10T14:54:49.690355+0300 [INFO] - Оффер принадлежит: 3
2025-02-10T14:54:49.690533+0300 [INFO] - Оффер принадлежит: 1007130027
2025-02-10T14:54:49.690638+0300 [INFO] - Оффер принадлежит: 1007130027
2025-02-10T14:54:49.703626+0300 [INFO] - Оффер принадлежит: 5616423791
2025-02-10T14:54:49.703830+0300 [INFO] - Оффер принадлежит: 7768265621
2025-02-10T14:54:49.703973+0300 [INFO] - Оффер принадлежит: 3
2025-02-10T14:54:49.704074+0300 [INFO] - Оффер принадлежит: 1007130027
2025-02-10T14:54:49.704219+0300 [INFO] - Оффер принадлежит: 1007130027
2025-02-10T14:55:00.302098+0300 [INFO] - Оффер принадлежит: 5616423791
2025-02-10T14:55:00.302446+0300 [INFO] - Оффер принадлежит: 7768265621
2025-02-10T14:55:00.302594+0300 [INFO] - Оффер принадлежит: 3
2025-02-10T14:55:00.302740+0300 [INFO] - Оффер принадлежит: 1007130027
2025-02-10T14:55:00.302839+0300 [INFO] - Оффер принадлежит: 1007130027
2025-02-10T14:55:01.529823+0300 [INFO] - Оффер принадлежит: 5616423791
2025-02-10T14:55:01.530417+0300 [INFO] - Оффер принадлежит: 7768265621
2025-02-10T14:55:01.530645+0300 [INFO] - Оффер принадлежит: 3
2025-02-10T14:55:01.530869+0300 [INFO] - Оффер принадлежит: 1007130027
2025-02-10T14:55:01.531073+0300 [INFO] - Оффер принадлежит: 1007130027
2025-02-10T14:55:04.602729+0300 [INFO] - Оффер принадлежит: 5616423791
2025-02-10T14:55:04.602974+0300 [INFO] - Оффер принадлежит: 7768265621
2025-02-10T14:55:04.603109+0300 [INFO] - Оффер принадлежит: 3
2025-02-10T14:55:04.603248+0300 [INFO] - Оффер принадлежит: 1007130027
2025-02-10T14:55:04.603388+0300 [INFO] - Оффер принадлежит: 1007130027
2025-02-10T14:55:21.835998+0300 [INFO] - Пользователь illgettomorow найден
2025-02-10T14:55:22.675894+0300 [INFO] - Пользователь 1007130027 подписан на все каналы
2025-02-10T14:55:22.676269+0300 [INFO] - Пользователь в приватном чате
2025-02-10T14:55:24.084071+0300 [INFO] - Оффер принадлежит: 5616423791
2025-02-10T14:55:24.084351+0300 [INFO] - Оффер принадлежит: 7768265621
2025-02-10T14:55:24.084527+0300 [INFO] - Оффер принадлежит: 3
2025-02-10T14:55:24.084693+0300 [INFO] - Оффер принадлежит: 1007130027
2025-02-10T14:55:24.084823+0300 [INFO] - Оффер принадлежит: 1007130027
2025-02-10T15:00:42.271249+0300 [INFO] - Оффер принадлежит: 5616423791
2025-02-10T15:00:42.271668+0300 [INFO] - Оффер принадлежит: 7768265621
2025-02-10T15:00:42.271828+0300 [INFO] - Оффер принадлежит: 3
2025-02-10T15:00:42.272030+0300 [INFO] - Оффер принадлежит: 1007130027
2025-02-10T15:00:42.272149+0300 [INFO] - Оффер принадлежит: 1007130027
2025-02-10T15:00:42.287154+0300 [INFO] - Оффер принадлежит: 5616423791
2025-02-10T15:00:42.287430+0300 [INFO] - Оффер принадлежит: 7768265621
2025-02-10T15:00:42.287605+0300 [INFO] - Оффер принадлежит: 3
2025-02-10T15:00:42.287713+0300 [INFO] - Оффер принадлежит: 1007130027
2025-02-10T15:00:42.287825+0300 [INFO] - Оффер принадлежит: 1007130027
2025-02-10T15:00:45.518027+0300 [INFO] - Оффер принадлежит: 5616423791
2025-02-10T15:00:45.518302+0300 [INFO] - Оффер принадлежит: 7768265621
2025-02-10T15:00:45.518464+0300 [INFO] - Оффер принадлежит: 3
2025-02-10T15:00:45.518617+0300 [INFO] - Оффер принадлежит: 1007130027
2025-02-10T15:00:45.518825+0300 [INFO] - Оффер принадлежит: 1007130027
2025-02-10T15:00:47.031910+0300 [INFO] - Оффер принадлежит: 5616423791
2025-02-10T15:00:47.032150+0300 [INFO] - Оффер принадлежит: 7768265621
2025-02-10T15:00:47.032300+0300 [INFO] - Оффер принадлежит: 3
2025-02-10T15:00:47.032463+0300 [INFO] - Оффер принадлежит: 1007130027
2025-02-10T15:00:47.032607+0300 [INFO] - Оффер принадлежит: 1007130027
2025-02-10T15:00:48.232747+0300 [INFO] - Оффер принадлежит: 5616423791
2025-02-10T15:00:48.232992+0300 [INFO] - Оффер принадлежит: 7768265621
2025-02-10T15:00:48.233108+0300 [INFO] - Оффер принадлежит: 3
2025-02-10T15:00:48.233285+0300 [INFO] - Оффер принадлежит: 1007130027
2025-02-10T15:00:48.233454+0300 [INFO] - Оффер принадлежит: 1007130027
2025-02-10T15:00:58.292947+0300 [INFO] - Оффер принадлежит: 5616423791
2025-02-10T15:00:58.293213+0300 [INFO] - Оффер принадлежит: 7768265621
2025-02-10T15:00:58.293482+0300 [INFO] - Оффер принадлежит: 3
2025-02-10T15:00:58.293614+0300 [INFO] - Оффер принадлежит: 1007130027
2025-02-10T15:00:58.293753+0300 [INFO] - Оффер принадлежит: 1007130027
2025-02-10T15:00:59.317787+0300 [INFO] - Оффер принадлежит: 5616423791
2025-02-10T15:00:59.318048+0300 [INFO] - Оффер принадлежит: 7768265621
2025-02-10T15:00:59.318165+0300 [INFO] - Оффер принадлежит: 3
2025-02-10T15:00:59.318317+0300 [INFO] - Оффер принадлежит: 1007130027
2025-02-10T15:00:59.318413+0300 [INFO] - Оффер принадлежит: 1007130027
2025-02-10T15:04:56.827158+0300 [INFO] - Пользователь illgettomorow найден
2025-02-10T15:04:57.490370+0300 [INFO] - Пользователь 1007130027 подписан на все каналы
2025-02-10T15:04:57.490828+0300 [INFO] - Пользователь в приватном чате
2025-02-10T15:04:57.494251+0300 [INFO] - Информация о пользователе illgettomorow:
2025-02-10T15:04:57.494416+0300 [INFO] - ID: 1
2025-02-10T15:04:57.494552+0300 [INFO] - Telegram ID: 1007130027
2025-02-10T15:04:57.494674+0300 [INFO] - Username: illgettomorow
2025-02-10T15:04:57.494772+0300 [INFO] - Captcha: True
2025-02-10T15:04:57.494883+0300 [INFO] - Is Admin: False
2025-02-10T15:04:57.494979+0300 [INFO] - Is Private: True
2025-02-10T15:04:57.495086+0300 [INFO] - Money: 0
2025-02-10T15:04:57.495222+0300 [INFO] - Lids: 0
2025-02-10T15:05:19.751483+0300 [INFO] - Пользователь illgettomorow найден
2025-02-10T15:05:20.532502+0300 [INFO] - Пользователь 1007130027 подписан на все каналы
2025-02-10T15:05:20.533101+0300 [INFO] - Пользователь в приватном чате
2025-02-10T15:05:20.536762+0300 [INFO] - Информация о пользователе illgettomorow:
2025-02-10T15:05:20.536966+0300 [INFO] - ID: 1
2025-02-10T15:05:20.537110+0300 [INFO] - Telegram ID: 1007130027
2025-02-10T15:05:20.537212+0300 [INFO] - Username: illgettomorow
2025-02-10T15:05:20.537336+0300 [INFO] - Captcha: True
2025-02-10T15:05:20.537512+0300 [INFO] - Is Admin: False
2025-02-10T15:05:20.537712+0300 [INFO] - Is Private: True
2025-02-10T15:05:20.537804+0300 [INFO] - Money: 0
2025-02-10T15:05:20.537933+0300 [INFO] - Lids: 0
2025-02-10T16:48:28.289843+0300 [INFO] - Пользователь illgettomorow найден
2025-02-10T16:48:29.304527+0300 [INFO] - Пользователь 1007130027 подписан на все каналы
2025-02-10T16:48:29.304898+0300 [INFO] - Пользователь в приватном чате
2025-02-10T16:48:33.124186+0300 [INFO] - Пользователь illgettomorow найден
2025-02-10T16:48:33.509979+0300 [INFO] - Пользователь 1007130027 подписан на все каналы
2025-02-10T16:48:33.510370+0300 [INFO] - Пользователь в приватном чате
2025-02-10T16:48:39.353085+0300 [INFO] - Информация о пользователе illgettomorow:
2025-02-10T16:48:39.353359+0300 [INFO] - ID: 1
2025-02-10T16:48:39.353530+0300 [INFO] - Telegram ID: 1007130027
2025-02-10T16:48:39.353681+0300 [INFO] - Username: illgettomorow
2025-02-10T16:48:39.353782+0300 [INFO] - Captcha: True
2025-02-10T16:48:39.353902+0300 [INFO] - Is Admin: False
2025-02-10T16:48:39.353998+0300 [INFO] - Is Private: True
2025-02-10T16:48:39.354114+0300 [INFO] - Money: 0
2025-02-10T16:48:39.354202+0300 [INFO] - Lids: 0
2025-02-10T16:52:49.082239+0300 [INFO] - Пользователь <coroutine object get_user_info_by_id at 0x7cfb86508150>
2025-02-10T16:52:49.082553+0300 [ERROR] - 'coroutine' object has no attribute 'username'
2025-02-10T16:53:11.296645+0300 [INFO] - Информация о пользователе Highly_Moderator:
2025-02-10T16:53:11.296958+0300 [INFO] - ID: 3
2025-02-10T16:53:11.297124+0300 [INFO] - Telegram ID: 7768265621
2025-02-10T16:53:11.297268+0300 [INFO] - Username: Highly_Moderator
2025-02-10T16:53:11.297368+0300 [INFO] - Captcha: True
2025-02-10T16:53:11.297491+0300 [INFO] - Is Admin: False
2025-02-10T16:53:11.297586+0300 [INFO] - Is Private: True
2025-02-10T16:53:11.297704+0300 [INFO] - Money: 123
2025-02-10T16:53:11.297792+0300 [INFO] - Lids: 0
2025-02-10T16:53:11.298481+0300 [INFO] - Пользователь <db.create_tables.User object at 0x754a65bad310>
