2025-02-08T13:28:01.752707+0300 [INFO] - Пользователь illgettomorow найден
2025-02-08T13:28:02.262222+0300 [INFO] - Пользователь 1007130027 подписан на все каналы
2025-02-08T13:28:02.262611+0300 [INFO] - Пользователь в приватном чате
2025-02-08T13:28:02.265985+0300 [INFO] - Информация о пользователе illgettomorow:
2025-02-08T13:28:02.266204+0300 [INFO] - ID: 1
2025-02-08T13:28:02.266347+0300 [INFO] - Telegram ID: 1007130027
2025-02-08T13:28:02.266468+0300 [INFO] - Username: illgettomorow
2025-02-08T13:28:02.266672+0300 [INFO] - Captcha: True
2025-02-08T13:28:02.266799+0300 [INFO] - Is Admin: True
2025-02-08T13:28:02.266887+0300 [INFO] - Is Private: True
2025-02-08T13:28:02.267001+0300 [INFO] - Money: 300
2025-02-08T13:28:02.267086+0300 [INFO] - Lids: 0
2025-02-08T13:28:19.885528+0300 [INFO] - Сообщение: None от 8036451898
2025-02-08T13:28:24.141638+0300 [INFO] - Пользователь illgettomorow найден
2025-02-08T13:28:24.260186+0300 [INFO] - Пользователь 1007130027 подписан на все каналы
2025-02-08T13:28:24.260648+0300 [INFO] - Пользователь в приватном чате
2025-02-08T13:28:24.263762+0300 [INFO] - Информация о пользователе illgettomorow:
2025-02-08T13:28:24.264105+0300 [INFO] - ID: 1
2025-02-08T13:28:24.264405+0300 [INFO] - Telegram ID: 1007130027
2025-02-08T13:28:24.264648+0300 [INFO] - Username: illgettomorow
2025-02-08T13:28:24.264859+0300 [INFO] - Captcha: True
2025-02-08T13:28:24.265081+0300 [INFO] - Is Admin: True
2025-02-08T13:28:24.265221+0300 [INFO] - Is Private: True
2025-02-08T13:28:24.265417+0300 [INFO] - Money: 300
2025-02-08T13:28:24.265594+0300 [INFO] - Lids: 0
2025-02-08T13:36:31.476427+0300 [INFO] - Пользователь illgettomorow найден
2025-02-08T13:36:32.256118+0300 [INFO] - Пользователь 1007130027 подписан на все каналы
2025-02-08T13:36:32.256484+0300 [INFO] - Пользователь в приватном чате
2025-02-08T13:36:32.256669+0300 [INFO] - Сообщение: О от 1007130027
2025-02-08T13:36:34.138078+0300 [INFO] - Пользователь illgettomorow найден
2025-02-08T13:36:34.332668+0300 [INFO] - Пользователь 1007130027 подписан на все каналы
2025-02-08T13:36:34.333103+0300 [INFO] - Пользователь в приватном чате
2025-02-08T13:36:36.669031+0300 [INFO] - Пользователь illgettomorow найден
2025-02-08T13:36:36.779940+0300 [INFO] - Пользователь 1007130027 подписан на все каналы
2025-02-08T13:36:36.780331+0300 [INFO] - Пользователь в приватном чате
2025-02-08T13:36:36.782791+0300 [INFO] - Информация о пользователе illgettomorow:
2025-02-08T13:36:36.783025+0300 [INFO] - ID: 1
2025-02-08T13:36:36.783193+0300 [INFO] - Telegram ID: 1007130027
2025-02-08T13:36:36.783338+0300 [INFO] - Username: illgettomorow
2025-02-08T13:36:36.783431+0300 [INFO] - Captcha: True
2025-02-08T13:36:36.783557+0300 [INFO] - Is Admin: True
2025-02-08T13:36:36.783701+0300 [INFO] - Is Private: True
2025-02-08T13:36:36.783820+0300 [INFO] - Money: 300
2025-02-08T13:36:36.783927+0300 [INFO] - Lids: 0
2025-02-08T13:37:05.679446+0300 [INFO] - Пользователь illgettomorow найден
2025-02-08T13:37:05.827123+0300 [INFO] - Пользователь 1007130027 подписан на все каналы
2025-02-08T13:37:05.827592+0300 [INFO] - Пользователь в приватном чате
2025-02-08T13:37:07.485880+0300 [INFO] - Оффер принадлежит: 5616423791
2025-02-08T13:37:07.486120+0300 [INFO] - Оффер принадлежит: 7768265621
2025-02-08T13:37:07.486318+0300 [INFO] - Оффер принадлежит: 3
2025-02-08T13:37:15.611335+0300 [INFO] - USER ID IN OFFER 1007130027
2025-02-08T13:37:15.664302+0300 [INFO] - Пользователь с ID 1007130027 привязан к офферу с ID 2.
2025-02-08T13:37:17.655881+0300 [INFO] - Оффер принадлежит: 5616423791
2025-02-08T13:37:17.656239+0300 [INFO] - Оффер принадлежит: 7768265621
2025-02-08T13:37:17.656354+0300 [INFO] - Оффер принадлежит: 3
2025-02-08T13:37:17.656510+0300 [INFO] - Оффер принадлежит: 1007130027
2025-02-08T13:37:21.243758+0300 [INFO] - Сообщение: 📦 Все офферы от 8036451898
2025-02-08T13:38:22.371212+0300 [INFO] - Пользователь illgettomorow найден
2025-02-08T13:38:22.658165+0300 [INFO] - Пользователь 1007130027 подписан на все каналы
2025-02-08T13:38:22.658532+0300 [INFO] - Пользователь в приватном чате
2025-02-08T13:38:28.210586+0300 [INFO] - Пользователь illgettomorow найден
2025-02-08T13:38:28.327692+0300 [INFO] - Пользователь 1007130027 подписан на все каналы
2025-02-08T13:38:28.327936+0300 [INFO] - Пользователь в приватном чате
2025-02-08T13:38:33.638875+0300 [INFO] - Пользователь illgettomorow найден
2025-02-08T13:38:33.935768+0300 [INFO] - Пользователь 1007130027 подписан на все каналы
2025-02-08T13:38:33.936129+0300 [INFO] - Пользователь в приватном чате
2025-02-08T13:38:33.936333+0300 [INFO] - Сообщение: illgettomorow от 1007130027
2025-02-08T13:38:42.582103+0300 [INFO] - Пользователь illgettomorow найден
2025-02-08T13:38:42.695109+0300 [INFO] - Пользователь 1007130027 подписан на все каналы
2025-02-08T13:38:42.695521+0300 [INFO] - Пользователь в приватном чате
2025-02-08T13:40:18.943350+0300 [INFO] - Пользователь illgettomorow найден
2025-02-08T13:40:19.408135+0300 [INFO] - Пользователь 1007130027 подписан на все каналы
2025-02-08T13:40:19.408469+0300 [INFO] - Пользователь в приватном чате
2025-02-08T13:40:19.408615+0300 [INFO] - Сообщение: 47382 от 1007130027
2025-02-08T13:40:27.425454+0300 [INFO] - Пользователь illgettomorow найден
2025-02-08T13:40:27.708280+0300 [INFO] - Пользователь 1007130027 подписан на все каналы
2025-02-08T13:40:27.708689+0300 [INFO] - Пользователь в приватном чате
2025-02-08T13:40:39.384058+0300 [INFO] - Пользователь illgettomorow найден
2025-02-08T13:40:39.673255+0300 [INFO] - Пользователь 1007130027 подписан на все каналы
2025-02-08T13:40:39.674173+0300 [INFO] - Пользователь в приватном чате
2025-02-08T13:40:39.678521+0300 [INFO] - Информация о пользователе illgettomorow:
2025-02-08T13:40:39.678804+0300 [INFO] - ID: 1
2025-02-08T13:40:39.679038+0300 [INFO] - Telegram ID: 1007130027
2025-02-08T13:40:39.679160+0300 [INFO] - Username: illgettomorow
2025-02-08T13:40:39.679270+0300 [INFO] - Captcha: True
2025-02-08T13:40:39.679394+0300 [INFO] - Is Admin: True
2025-02-08T13:40:39.679495+0300 [INFO] - Is Private: True
2025-02-08T13:40:39.679614+0300 [INFO] - Money: 300
2025-02-08T13:40:39.679725+0300 [INFO] - Lids: 0
2025-02-08T13:40:47.574047+0300 [INFO] - Пользователь illgettomorow найден
2025-02-08T13:40:47.941391+0300 [INFO] - Пользователь 1007130027 подписан на все каналы
2025-02-08T13:40:47.941741+0300 [INFO] - Пользователь в приватном чате
2025-02-08T13:40:52.186484+0300 [INFO] - Пользователь illgettomorow найден
2025-02-08T13:40:52.592427+0300 [INFO] - Пользователь 1007130027 подписан на все каналы
2025-02-08T13:40:52.592999+0300 [INFO] - Пользователь в приватном чате
2025-02-08T13:42:37.022101+0300 [INFO] - Пользователь illgettomorow найден
2025-02-08T13:42:37.157130+0300 [INFO] - Пользователь 1007130027 подписан на все каналы
2025-02-08T13:42:37.157455+0300 [INFO] - Пользователь в приватном чате
2025-02-08T13:42:37.157643+0300 [INFO] - Сообщение: danre2 от 1007130027
2025-02-08T13:42:47.181706+0300 [INFO] - Пользователь illgettomorow найден
2025-02-08T13:42:47.332881+0300 [INFO] - Пользователь 1007130027 подписан на все каналы
2025-02-08T13:42:47.333321+0300 [INFO] - Пользователь в приватном чате
2025-02-08T13:42:47.336178+0300 [INFO] - Информация о пользователе illgettomorow:
2025-02-08T13:42:47.336336+0300 [INFO] - ID: 1
2025-02-08T13:42:47.336445+0300 [INFO] - Telegram ID: 1007130027
2025-02-08T13:42:47.336612+0300 [INFO] - Username: illgettomorow
2025-02-08T13:42:47.336710+0300 [INFO] - Captcha: True
2025-02-08T13:42:47.336829+0300 [INFO] - Is Admin: True
2025-02-08T13:42:47.336916+0300 [INFO] - Is Private: True
2025-02-08T13:42:47.337028+0300 [INFO] - Money: 300
2025-02-08T13:42:47.337109+0300 [INFO] - Lids: 0
2025-02-08T13:43:00.457886+0300 [INFO] - Пользователь illgettomorow найден
2025-02-08T13:43:00.795167+0300 [INFO] - Пользователь 1007130027 подписан на все каналы
2025-02-08T13:43:00.795537+0300 [INFO] - Пользователь в приватном чате
2025-02-08T13:43:00.798185+0300 [INFO] - Информация о пользователе illgettomorow:
2025-02-08T13:43:00.798358+0300 [INFO] - ID: 1
2025-02-08T13:43:00.798498+0300 [INFO] - Telegram ID: 1007130027
2025-02-08T13:43:00.798622+0300 [INFO] - Username: illgettomorow
2025-02-08T13:43:00.798747+0300 [INFO] - Captcha: True
2025-02-08T13:43:00.798867+0300 [INFO] - Is Admin: False
2025-02-08T13:43:00.799033+0300 [INFO] - Is Private: True
2025-02-08T13:43:00.799154+0300 [INFO] - Money: 300
2025-02-08T13:43:00.799304+0300 [INFO] - Lids: 0
2025-02-08T13:43:17.594948+0300 [INFO] - Пользователь illgettomorow найден
2025-02-08T13:43:17.994362+0300 [INFO] - Пользователь 1007130027 подписан на все каналы
2025-02-08T13:43:17.994692+0300 [INFO] - Пользователь в приватном чате
2025-02-08T13:43:17.997547+0300 [INFO] - Информация о пользователе illgettomorow:
2025-02-08T13:43:17.997785+0300 [INFO] - ID: 1
2025-02-08T13:43:17.997949+0300 [INFO] - Telegram ID: 1007130027
2025-02-08T13:43:17.998120+0300 [INFO] - Username: illgettomorow
2025-02-08T13:43:17.998302+0300 [INFO] - Captcha: True
2025-02-08T13:43:17.998451+0300 [INFO] - Is Admin: True
2025-02-08T13:43:17.998663+0300 [INFO] - Is Private: True
2025-02-08T13:43:17.998792+0300 [INFO] - Money: 300
2025-02-08T13:43:17.998973+0300 [INFO] - Lids: 0
2025-02-08T13:45:51.871775+0300 [INFO] - Пользователь illgettomorow найден
2025-02-08T13:45:52.145756+0300 [INFO] - Пользователь 1007130027 подписан на все каналы
2025-02-08T13:45:52.146138+0300 [INFO] - Пользователь в приватном чате
2025-02-08T13:46:21.363861+0300 [INFO] - Пользователь illgettomorow найден
2025-02-08T13:46:21.946368+0300 [INFO] - Пользователь 1007130027 подписан на все каналы
2025-02-08T13:46:21.946793+0300 [INFO] - Пользователь в приватном чате
2025-02-08T13:46:21.953895+0300 [INFO] - Пользователь с ID 2 не найден
2025-02-08T13:46:58.764075+0300 [INFO] - Пользователь illgettomorow найден
2025-02-08T13:46:58.880428+0300 [INFO] - Пользователь 1007130027 подписан на все каналы
2025-02-08T13:46:58.880778+0300 [INFO] - Пользователь в приватном чате
2025-02-08T13:46:58.887698+0300 [INFO] - Информация о пользователе danre2:
2025-02-08T13:46:58.887928+0300 [INFO] - ID: 2
2025-02-08T13:46:58.888065+0300 [INFO] - Telegram ID: 5616423791
2025-02-08T13:46:58.888187+0300 [INFO] - Username: danre2
2025-02-08T13:46:58.888315+0300 [INFO] - Captcha: True
2025-02-08T13:46:58.888410+0300 [INFO] - Is Admin: False
2025-02-08T13:46:58.888501+0300 [INFO] - Is Private: False
2025-02-08T13:46:58.888618+0300 [INFO] - Money: 11000
2025-02-08T13:46:58.888754+0300 [INFO] - Lids: 0
2025-02-08T13:47:14.274499+0300 [INFO] - Пользователь illgettomorow найден
2025-02-08T13:47:14.471382+0300 [INFO] - Пользователь 1007130027 подписан на все каналы
2025-02-08T13:47:14.471711+0300 [INFO] - Пользователь в приватном чате
