2025-02-11T15:46:43.980057+0300 [INFO] - Пользователь illgettomorow найден
2025-02-11T15:46:44.759159+0300 [INFO] - Пользователь 1007130027 подписан на все каналы
2025-02-11T15:46:44.759508+0300 [INFO] - Пользователь в приватном чате
2025-02-11T15:46:44.762770+0300 [INFO] - Информация о пользователе illgettomorow:
2025-02-11T15:46:44.762991+0300 [INFO] - ID: 1
2025-02-11T15:46:44.763127+0300 [INFO] - Telegram ID: 1007130027
2025-02-11T15:46:44.763220+0300 [INFO] - Username: illgettomorow
2025-02-11T15:46:44.763335+0300 [INFO] - Captcha: True
2025-02-11T15:46:44.763418+0300 [INFO] - Is Admin: False
2025-02-11T15:46:44.763528+0300 [INFO] - Is Private: True
2025-02-11T15:46:44.763609+0300 [INFO] - Money: 0
2025-02-11T15:46:44.763686+0300 [INFO] - Lids: 0
2025-02-11T15:46:56.512540+0300 [INFO] - Информация о пользователе illgettomorow:
2025-02-11T15:46:56.512802+0300 [INFO] - ID: 1
2025-02-11T15:46:56.513025+0300 [INFO] - Telegram ID: 1007130027
2025-02-11T15:46:56.513158+0300 [INFO] - Username: illgettomorow
2025-02-11T15:46:56.513338+0300 [INFO] - Captcha: True
2025-02-11T15:46:56.513459+0300 [INFO] - Is Admin: False
2025-02-11T15:46:56.513575+0300 [INFO] - Is Private: True
2025-02-11T15:46:56.513689+0300 [INFO] - Money: 0
2025-02-11T15:46:56.513807+0300 [INFO] - Lids: 0
2025-02-11T15:47:17.868265+0300 [INFO] - Информация о пользователе illgettomorow:
2025-02-11T15:47:17.868584+0300 [INFO] - ID: 1
2025-02-11T15:47:17.868742+0300 [INFO] - Telegram ID: 1007130027
2025-02-11T15:47:17.868863+0300 [INFO] - Username: illgettomorow
2025-02-11T15:47:17.868975+0300 [INFO] - Captcha: True
2025-02-11T15:47:17.869068+0300 [INFO] - Is Admin: False
2025-02-11T15:47:17.869161+0300 [INFO] - Is Private: True
2025-02-11T15:47:17.869248+0300 [INFO] - Money: 0
2025-02-11T15:47:17.869353+0300 [INFO] - Lids: 0
2025-02-11T15:47:26.401413+0300 [INFO] - Информация о пользователе illgettomorow:
2025-02-11T15:47:26.401678+0300 [INFO] - ID: 1
2025-02-11T15:47:26.401852+0300 [INFO] - Telegram ID: 1007130027
2025-02-11T15:47:26.401992+0300 [INFO] - Username: illgettomorow
2025-02-11T15:47:26.402152+0300 [INFO] - Captcha: True
2025-02-11T15:47:26.402275+0300 [INFO] - Is Admin: False
2025-02-11T15:47:26.402393+0300 [INFO] - Is Private: True
2025-02-11T15:47:26.402513+0300 [INFO] - Money: 0
2025-02-11T15:47:26.402636+0300 [INFO] - Lids: 0
2025-02-11T15:47:52.364933+0300 [INFO] - Информация о пользователе illgettomorow:
2025-02-11T15:47:52.365229+0300 [INFO] - ID: 1
2025-02-11T15:47:52.365384+0300 [INFO] - Telegram ID: 1007130027
2025-02-11T15:47:52.365493+0300 [INFO] - Username: illgettomorow
2025-02-11T15:47:52.365622+0300 [INFO] - Captcha: True
2025-02-11T15:47:52.365720+0300 [INFO] - Is Admin: False
2025-02-11T15:47:52.365840+0300 [INFO] - Is Private: True
2025-02-11T15:47:52.365930+0300 [INFO] - Money: 0
2025-02-11T15:47:52.366038+0300 [INFO] - Lids: 0
2025-02-11T15:47:52.376370+0300 [INFO] - Статус обновлен для пользователя 1007130027
2025-02-11T15:47:52.380508+0300 [INFO] - Информация о пользователе illgettomorow:
2025-02-11T15:47:52.380669+0300 [INFO] - ID: 1
2025-02-11T15:47:52.380805+0300 [INFO] - Telegram ID: 1007130027
2025-02-11T15:47:52.380930+0300 [INFO] - Username: illgettomorow
2025-02-11T15:47:52.381029+0300 [INFO] - Captcha: True
2025-02-11T15:47:52.381147+0300 [INFO] - Is Admin: False
2025-02-11T15:47:52.381237+0300 [INFO] - Is Private: False
2025-02-11T15:47:52.381349+0300 [INFO] - Money: 0
2025-02-11T15:47:52.381436+0300 [INFO] - Lids: 0
2025-02-11T15:47:56.249606+0300 [INFO] - Информация о пользователе illgettomorow:
2025-02-11T15:47:56.249871+0300 [INFO] - ID: 1
2025-02-11T15:47:56.250004+0300 [INFO] - Telegram ID: 1007130027
2025-02-11T15:47:56.250135+0300 [INFO] - Username: illgettomorow
2025-02-11T15:47:56.250256+0300 [INFO] - Captcha: True
2025-02-11T15:47:56.250348+0300 [INFO] - Is Admin: False
2025-02-11T15:47:56.250502+0300 [INFO] - Is Private: False
2025-02-11T15:47:56.250596+0300 [INFO] - Money: 0
2025-02-11T15:47:56.250690+0300 [INFO] - Lids: 0
2025-02-11T15:47:56.254476+0300 [INFO] - Статус обновлен для пользователя 1007130027
2025-02-11T15:47:56.264078+0300 [INFO] - Информация о пользователе illgettomorow:
2025-02-11T15:47:56.264325+0300 [INFO] - ID: 1
2025-02-11T15:47:56.264470+0300 [INFO] - Telegram ID: 1007130027
2025-02-11T15:47:56.264593+0300 [INFO] - Username: illgettomorow
2025-02-11T15:47:56.264715+0300 [INFO] - Captcha: True
2025-02-11T15:47:56.264832+0300 [INFO] - Is Admin: False
2025-02-11T15:47:56.264970+0300 [INFO] - Is Private: True
2025-02-11T15:47:56.265084+0300 [INFO] - Money: 0
2025-02-11T15:47:56.265194+0300 [INFO] - Lids: 0
2025-02-11T15:47:57.958248+0300 [INFO] - Информация о пользователе illgettomorow:
2025-02-11T15:47:57.958493+0300 [INFO] - ID: 1
2025-02-11T15:47:57.958629+0300 [INFO] - Telegram ID: 1007130027
2025-02-11T15:47:57.958744+0300 [INFO] - Username: illgettomorow
2025-02-11T15:47:57.958879+0300 [INFO] - Captcha: True
2025-02-11T15:47:57.958980+0300 [INFO] - Is Admin: False
2025-02-11T15:47:57.959066+0300 [INFO] - Is Private: True
2025-02-11T15:47:57.959171+0300 [INFO] - Money: 0
2025-02-11T15:47:57.959256+0300 [INFO] - Lids: 0
2025-02-11T15:47:57.962019+0300 [INFO] - Статус обновлен для пользователя 1007130027
2025-02-11T15:47:57.971128+0300 [INFO] - Информация о пользователе illgettomorow:
2025-02-11T15:47:57.971366+0300 [INFO] - ID: 1
2025-02-11T15:47:57.971481+0300 [INFO] - Telegram ID: 1007130027
2025-02-11T15:47:57.971605+0300 [INFO] - Username: illgettomorow
2025-02-11T15:47:57.971697+0300 [INFO] - Captcha: True
2025-02-11T15:47:57.971812+0300 [INFO] - Is Admin: False
2025-02-11T15:47:57.971913+0300 [INFO] - Is Private: False
2025-02-11T15:47:57.972024+0300 [INFO] - Money: 0
2025-02-11T15:47:57.972112+0300 [INFO] - Lids: 0
2025-02-11T15:56:55.418011+0300 [INFO] - Информация о пользователе Highly_Moderator:
2025-02-11T15:56:55.418383+0300 [INFO] - ID: 3
2025-02-11T15:56:55.418535+0300 [INFO] - Telegram ID: 7768265621
2025-02-11T15:56:55.418690+0300 [INFO] - Username: Highly_Moderator
2025-02-11T15:56:55.418792+0300 [INFO] - Captcha: True
2025-02-11T15:56:55.418917+0300 [INFO] - Is Admin: False
2025-02-11T15:56:55.419009+0300 [INFO] - Is Private: True
2025-02-11T15:56:55.419128+0300 [INFO] - Money: 123
2025-02-11T15:56:55.419217+0300 [INFO] - Lids: 0
2025-02-11T15:56:55.424559+0300 [INFO] - Статус обновлен для пользователя 7768265621
2025-02-11T15:56:55.436664+0300 [INFO] - Информация о пользователе Highly_Moderator:
2025-02-11T15:56:55.436840+0300 [INFO] - ID: 3
2025-02-11T15:56:55.436962+0300 [INFO] - Telegram ID: 7768265621
2025-02-11T15:56:55.437085+0300 [INFO] - Username: Highly_Moderator
2025-02-11T15:56:55.437179+0300 [INFO] - Captcha: True
2025-02-11T15:56:55.437296+0300 [INFO] - Is Admin: False
2025-02-11T15:56:55.437383+0300 [INFO] - Is Private: False
2025-02-11T15:56:55.437497+0300 [INFO] - Money: 123
2025-02-11T15:56:55.437584+0300 [INFO] - Lids: 0
2025-02-11T15:56:57.104982+0300 [INFO] - Информация о пользователе Highly_Moderator:
2025-02-11T15:56:57.105240+0300 [INFO] - ID: 3
2025-02-11T15:56:57.105373+0300 [INFO] - Telegram ID: 7768265621
2025-02-11T15:56:57.105535+0300 [INFO] - Username: Highly_Moderator
2025-02-11T15:56:57.105631+0300 [INFO] - Captcha: True
2025-02-11T15:56:57.105754+0300 [INFO] - Is Admin: False
2025-02-11T15:56:57.105844+0300 [INFO] - Is Private: False
2025-02-11T15:56:57.105959+0300 [INFO] - Money: 123
2025-02-11T15:56:57.106048+0300 [INFO] - Lids: 0
2025-02-11T15:56:57.109334+0300 [INFO] - Статус обновлен для пользователя 7768265621
2025-02-11T15:56:57.118572+0300 [INFO] - Информация о пользователе Highly_Moderator:
2025-02-11T15:56:57.118821+0300 [INFO] - ID: 3
2025-02-11T15:56:57.118952+0300 [INFO] - Telegram ID: 7768265621
2025-02-11T15:56:57.119077+0300 [INFO] - Username: Highly_Moderator
2025-02-11T15:56:57.119164+0300 [INFO] - Captcha: True
2025-02-11T15:56:57.119278+0300 [INFO] - Is Admin: False
2025-02-11T15:56:57.119359+0300 [INFO] - Is Private: True
2025-02-11T15:56:57.119462+0300 [INFO] - Money: 123
2025-02-11T15:56:57.119572+0300 [INFO] - Lids: 0
2025-02-11T15:57:12.205320+0300 [INFO] - Пользователь Highly_Moderator найден
2025-02-11T15:57:12.612060+0300 [INFO] - Пользователь 7768265621 подписан на все каналы
2025-02-11T15:57:12.612420+0300 [INFO] - Пользователь в приватном чате
2025-02-11T15:57:19.282199+0300 [INFO] - Информация о пользователе illgettomorow:
2025-02-11T15:57:19.282462+0300 [INFO] - ID: 1
2025-02-11T15:57:19.282577+0300 [INFO] - Telegram ID: 1007130027
2025-02-11T15:57:19.282703+0300 [INFO] - Username: illgettomorow
2025-02-11T15:57:19.282853+0300 [INFO] - Captcha: True
2025-02-11T15:57:19.283003+0300 [INFO] - Is Admin: False
2025-02-11T15:57:19.283092+0300 [INFO] - Is Private: False
2025-02-11T15:57:19.283206+0300 [INFO] - Money: 0
2025-02-11T15:57:19.283292+0300 [INFO] - Lids: 0
