2025-02-06T00:27:56.015116+0300 [INFO] - Пользователь illgettomorow найден
2025-02-06T00:27:57.108561+0300 [INFO] - Пользователь 1007130027 подписан на все каналы
2025-02-06T00:27:57.108979+0300 [INFO] - Пользователь в приватном чате
2025-02-06T00:28:25.694422+0300 [INFO] - Пользователь illgettomorow найден
2025-02-06T00:28:25.986468+0300 [INFO] - Пользователь 1007130027 подписан на все каналы
2025-02-06T00:28:25.986887+0300 [INFO] - Пользователь в приватном чате
2025-02-06T00:30:13.727894+0300 [INFO] - Пользователь illgettomorow найден
2025-02-06T00:30:14.225553+0300 [INFO] - Пользователь 1007130027 подписан на все каналы
2025-02-06T00:30:14.226024+0300 [INFO] - Пользователь в приватном чате
2025-02-06T00:30:14.226354+0300 [INFO] - Обновление ссылки для id2 ссылка: https://dlzxndev.ru
2025-02-06T00:31:06.666869+0300 [INFO] - Пользователь illgettomorow найден
2025-02-06T00:31:06.860512+0300 [INFO] - Пользователь 1007130027 подписан на все каналы
2025-02-06T00:31:06.860770+0300 [INFO] - Пользователь в приватном чате
2025-02-06T00:31:40.356001+0300 [INFO] - Пользователь illgettomorow найден
2025-02-06T00:31:40.862970+0300 [INFO] - Пользователь 1007130027 подписан на все каналы
2025-02-06T00:31:40.863296+0300 [INFO] - Пользователь в приватном чате
2025-02-06T00:31:40.863575+0300 [INFO] - Обновление ссылки для id4 ссылка: https://dlzxndev.ru
2025-02-06T00:33:35.349183+0300 [INFO] - Пользователь illgettomorow найден
2025-02-06T00:33:35.751271+0300 [INFO] - Пользователь 1007130027 подписан на все каналы
2025-02-06T00:33:35.751538+0300 [INFO] - Пользователь в приватном чате
2025-02-06T00:34:00.742089+0300 [INFO] - Пользователь illgettomorow найден
2025-02-06T00:34:00.942219+0300 [INFO] - Пользователь 1007130027 подписан на все каналы
2025-02-06T00:34:00.942629+0300 [INFO] - Пользователь в приватном чате
2025-02-06T00:34:29.114024+0300 [INFO] - Пользователь illgettomorow найден
2025-02-06T00:34:29.511931+0300 [INFO] - Пользователь 1007130027 подписан на все каналы
2025-02-06T00:34:29.512261+0300 [INFO] - Пользователь в приватном чате
2025-02-06T00:34:31.897620+0300 [INFO] - Оффер принадлежит: 
2025-02-06T00:34:31.897851+0300 [INFO] - Оффер принадлежит: 
2025-02-06T00:34:31.898047+0300 [INFO] - Оффер принадлежит:  1007130027
2025-02-06T00:34:31.898176+0300 [INFO] - Оффер принадлежит: 
2025-02-06T00:34:31.898338+0300 [INFO] - Оффер принадлежит: 
2025-02-06T00:34:31.898453+0300 [INFO] - Оффер принадлежит: 
2025-02-06T00:34:31.898545+0300 [INFO] - Оффер принадлежит:  1007130027
2025-02-06T00:34:31.898756+0300 [INFO] - Оффер принадлежит:  1007130027
2025-02-06T00:34:40.371839+0300 [INFO] - Пользователь illgettomorow найден
2025-02-06T00:34:40.927998+0300 [INFO] - Пользователь 1007130027 подписан на все каналы
2025-02-06T00:34:40.928395+0300 [INFO] - Пользователь в приватном чате
2025-02-06T00:35:49.720213+0300 [INFO] - Пользователь illgettomorow найден
2025-02-06T00:35:51.023441+0300 [INFO] - Пользователь 1007130027 подписан на все каналы
2025-02-06T00:35:51.023721+0300 [INFO] - Пользователь в приватном чате
2025-02-06T00:36:04.368890+0300 [INFO] - Пользователь illgettomorow найден
2025-02-06T00:36:05.065947+0300 [INFO] - Пользователь 1007130027 подписан на все каналы
2025-02-06T00:36:05.066321+0300 [INFO] - Пользователь в приватном чате
2025-02-06T00:36:05.069383+0300 [INFO] - Информация о пользователе illgettomorow:
2025-02-06T00:36:05.069552+0300 [INFO] - ID: 1
2025-02-06T00:36:05.069695+0300 [INFO] - Telegram ID: 1007130027
2025-02-06T00:36:05.069829+0300 [INFO] - Username: illgettomorow
2025-02-06T00:36:05.069922+0300 [INFO] - Captcha: True
2025-02-06T00:36:05.070059+0300 [INFO] - Is Admin: False
2025-02-06T00:36:05.070142+0300 [INFO] - Is Private: False
2025-02-06T00:36:05.070227+0300 [INFO] - Money: 0
2025-02-06T00:36:05.070352+0300 [INFO] - Lids: 0
2025-02-06T00:37:12.057047+0300 [INFO] - Информация о пользователе illgettomorow:
2025-02-06T00:37:12.057383+0300 [INFO] - ID: 1
2025-02-06T00:37:12.057517+0300 [INFO] - Telegram ID: 1007130027
2025-02-06T00:37:12.057676+0300 [INFO] - Username: illgettomorow
2025-02-06T00:37:12.057785+0300 [INFO] - Captcha: True
2025-02-06T00:37:12.057906+0300 [INFO] - Is Admin: False
2025-02-06T00:37:12.058029+0300 [INFO] - Is Private: False
2025-02-06T00:37:12.058146+0300 [INFO] - Money: 0
2025-02-06T00:37:12.058232+0300 [INFO] - Lids: 0
2025-02-06T00:37:12.064327+0300 [INFO] - Статус обновлен для пользователя 1007130027
2025-02-06T00:37:19.426505+0300 [INFO] - Информация о пользователе illgettomorow:
2025-02-06T00:37:19.426767+0300 [INFO] - ID: 1
2025-02-06T00:37:19.426989+0300 [INFO] - Telegram ID: 1007130027
2025-02-06T00:37:19.427133+0300 [INFO] - Username: illgettomorow
2025-02-06T00:37:19.427233+0300 [INFO] - Captcha: True
2025-02-06T00:37:19.427364+0300 [INFO] - Is Admin: False
2025-02-06T00:37:19.427508+0300 [INFO] - Is Private: True
2025-02-06T00:37:19.427692+0300 [INFO] - Money: 0
2025-02-06T00:37:19.427868+0300 [INFO] - Lids: 0
2025-02-06T00:37:19.431703+0300 [INFO] - Статус обновлен для пользователя 1007130027
2025-02-06T00:37:32.815238+0300 [INFO] - Информация о пользователе illgettomorow:
2025-02-06T00:37:32.815615+0300 [INFO] - ID: 1
2025-02-06T00:37:32.815811+0300 [INFO] - Telegram ID: 1007130027
2025-02-06T00:37:32.815996+0300 [INFO] - Username: illgettomorow
2025-02-06T00:37:32.816138+0300 [INFO] - Captcha: True
2025-02-06T00:37:32.816296+0300 [INFO] - Is Admin: False
2025-02-06T00:37:32.816410+0300 [INFO] - Is Private: False
2025-02-06T00:37:32.816554+0300 [INFO] - Money: 0
2025-02-06T00:37:32.816681+0300 [INFO] - Lids: 0
2025-02-06T00:37:32.819897+0300 [INFO] - Статус обновлен для пользователя 1007130027
2025-02-06T00:37:38.556047+0300 [INFO] - Информация о пользователе illgettomorow:
2025-02-06T00:37:38.556304+0300 [INFO] - ID: 1
2025-02-06T00:37:38.556439+0300 [INFO] - Telegram ID: 1007130027
2025-02-06T00:37:38.556560+0300 [INFO] - Username: illgettomorow
2025-02-06T00:37:38.556655+0300 [INFO] - Captcha: True
2025-02-06T00:37:38.556765+0300 [INFO] - Is Admin: False
2025-02-06T00:37:38.556853+0300 [INFO] - Is Private: True
2025-02-06T00:37:38.556954+0300 [INFO] - Money: 0
2025-02-06T00:37:38.557101+0300 [INFO] - Lids: 0
2025-02-06T00:37:38.561118+0300 [INFO] - Статус обновлен для пользователя 1007130027
2025-02-06T00:37:54.834644+0300 [INFO] - Выводы пользователя:
2025-02-06T00:38:01.386555+0300 [INFO] - Пользователь illgettomorow найден
2025-02-06T00:38:01.692311+0300 [INFO] - Пользователь 1007130027 подписан на все каналы
2025-02-06T00:38:01.692818+0300 [INFO] - Пользователь в приватном чате
2025-02-06T00:38:04.874856+0300 [INFO] - Пользователь illgettomorow найден
2025-02-06T00:38:05.173161+0300 [INFO] - Пользователь 1007130027 подписан на все каналы
2025-02-06T00:38:05.173570+0300 [INFO] - Пользователь в приватном чате
2025-02-06T00:38:09.271182+0300 [INFO] - Пользователь illgettomorow найден
2025-02-06T00:38:09.880714+0300 [INFO] - Пользователь 1007130027 подписан на все каналы
2025-02-06T00:38:09.881017+0300 [INFO] - Пользователь в приватном чате
2025-02-06T00:38:14.498171+0300 [INFO] - Пользователь illgettomorow найден
2025-02-06T00:38:15.103368+0300 [INFO] - Пользователь 1007130027 подписан на все каналы
2025-02-06T00:38:15.103741+0300 [INFO] - Пользователь в приватном чате
2025-02-06T00:38:22.787670+0300 [INFO] - Пользователь illgettomorow найден
2025-02-06T00:38:22.988516+0300 [INFO] - Пользователь 1007130027 подписан на все каналы
2025-02-06T00:38:22.989038+0300 [INFO] - Пользователь в приватном чате
2025-02-06T00:38:22.991845+0300 [INFO] - Информация о пользователе illgettomorow:
2025-02-06T00:38:22.992173+0300 [INFO] - ID: 1
2025-02-06T00:38:22.992352+0300 [INFO] - Telegram ID: 1007130027
2025-02-06T00:38:22.992526+0300 [INFO] - Username: illgettomorow
2025-02-06T00:38:22.992672+0300 [INFO] - Captcha: True
2025-02-06T00:38:22.992831+0300 [INFO] - Is Admin: False
2025-02-06T00:38:22.992919+0300 [INFO] - Is Private: False
2025-02-06T00:38:22.993033+0300 [INFO] - Money: 0
2025-02-06T00:38:22.993186+0300 [INFO] - Lids: 0
2025-02-06T00:38:46.957158+0300 [INFO] - Сообщение: None от 8036451898
2025-02-06T00:38:49.831266+0300 [INFO] - Пользователь illgettomorow найден
2025-02-06T00:38:50.227052+0300 [INFO] - Пользователь 1007130027 подписан на все каналы
2025-02-06T00:38:50.227378+0300 [INFO] - Пользователь в приватном чате
2025-02-06T00:38:53.920977+0300 [INFO] - Пользователь illgettomorow найден
2025-02-06T00:38:54.175676+0300 [INFO] - Пользователь 1007130027 подписан на все каналы
2025-02-06T00:38:54.176065+0300 [INFO] - Пользователь в приватном чате
2025-02-06T00:38:54.178937+0300 [INFO] - Информация о пользователе illgettomorow:
2025-02-06T00:38:54.179194+0300 [INFO] - ID: 1
2025-02-06T00:38:54.179387+0300 [INFO] - Telegram ID: 1007130027
2025-02-06T00:38:54.179543+0300 [INFO] - Username: illgettomorow
2025-02-06T00:38:54.179642+0300 [INFO] - Captcha: True
2025-02-06T00:38:54.179767+0300 [INFO] - Is Admin: False
2025-02-06T00:38:54.179857+0300 [INFO] - Is Private: False
2025-02-06T00:38:54.179960+0300 [INFO] - Money: 0
2025-02-06T00:38:54.180043+0300 [INFO] - Lids: 0
2025-02-06T00:39:02.010224+0300 [INFO] - Сообщение: None от 8036451898
2025-02-06T00:39:08.143316+0300 [INFO] - Пользователь illgettomorow найден
2025-02-06T00:39:08.475602+0300 [INFO] - Пользователь 1007130027 подписан на все каналы
2025-02-06T00:39:08.476010+0300 [INFO] - Пользователь в приватном чате
2025-02-06T00:39:32.464679+0300 [INFO] - Пользователь illgettomorow найден
2025-02-06T00:39:32.826763+0300 [INFO] - Пользователь 1007130027 подписан на все каналы
2025-02-06T00:39:32.827115+0300 [INFO] - Пользователь в приватном чате
2025-02-06T00:39:32.827359+0300 [INFO] - Обновление ссылки для id5 ссылка: Склалхимия
2025-02-06T00:41:01.924578+0300 [INFO] - Пользователь illgettomorow найден
2025-02-06T00:41:02.531446+0300 [INFO] - Пользователь 1007130027 подписан на все каналы
2025-02-06T00:41:02.531855+0300 [INFO] - Пользователь в приватном чате
2025-02-06T00:42:50.190814+0300 [INFO] - Пользователь illgettomorow найден
2025-02-06T00:42:50.870359+0300 [INFO] - Пользователь 1007130027 подписан на все каналы
2025-02-06T00:42:50.870755+0300 [INFO] - Пользователь в приватном чате
2025-02-06T00:42:54.975641+0300 [INFO] - Пользователь illgettomorow найден
2025-02-06T00:42:55.379114+0300 [INFO] - Пользователь 1007130027 подписан на все каналы
2025-02-06T00:42:55.379481+0300 [INFO] - Пользователь в приватном чате
2025-02-06T00:43:01.022276+0300 [INFO] - Пользователь illgettomorow найден
2025-02-06T00:43:01.420807+0300 [INFO] - Пользователь 1007130027 подписан на все каналы
2025-02-06T00:43:01.421142+0300 [INFO] - Пользователь в приватном чате
2025-02-06T00:43:05.690577+0300 [INFO] - Пользователь illgettomorow найден
2025-02-06T00:43:06.005068+0300 [INFO] - Пользователь 1007130027 подписан на все каналы
2025-02-06T00:43:06.005468+0300 [INFO] - Пользователь в приватном чате
2025-02-06T00:43:08.800910+0300 [INFO] - Пользователь illgettomorow найден
2025-02-06T00:43:09.101154+0300 [INFO] - Пользователь 1007130027 подписан на все каналы
2025-02-06T00:43:09.101563+0300 [INFO] - Пользователь в приватном чате
2025-02-06T00:43:23.442529+0300 [INFO] - Пользователь illgettomorow найден
2025-02-06T00:43:23.750224+0300 [INFO] - Пользователь 1007130027 подписан на все каналы
2025-02-06T00:43:23.750659+0300 [INFO] - Пользователь в приватном чате
2025-02-06T01:06:14.913215+0300 [INFO] - Пользователь illgettomorow найден
2025-02-06T01:06:15.610015+0300 [INFO] - Пользователь 1007130027 подписан на все каналы
2025-02-06T01:06:15.610444+0300 [INFO] - Пользователь в приватном чате
2025-02-06T01:07:17.159450+0300 [INFO] - Пользователь illgettomorow найден
2025-02-06T01:07:17.739553+0300 [INFO] - Пользователь 1007130027 подписан на все каналы
2025-02-06T01:07:17.739814+0300 [INFO] - Пользователь в приватном чате
2025-02-06T01:08:08.354155+0300 [INFO] - Пользователь illgettomorow найден
2025-02-06T01:08:09.369475+0300 [INFO] - Пользователь 1007130027 подписан на все каналы
2025-02-06T01:08:09.369826+0300 [INFO] - Пользователь в приватном чате
2025-02-06T01:08:50.746069+0300 [INFO] - Пользователь illgettomorow найден
2025-02-06T01:08:50.964522+0300 [INFO] - Пользователь 1007130027 подписан на все каналы
2025-02-06T01:08:50.965111+0300 [INFO] - Пользователь в приватном чате
2025-02-06T01:11:08.378337+0300 [INFO] - Пользователь illgettomorow найден
2025-02-06T01:11:09.161922+0300 [INFO] - Пользователь 1007130027 подписан на все каналы
2025-02-06T01:11:09.162209+0300 [INFO] - Пользователь в приватном чате
2025-02-06T01:12:19.338117+0300 [INFO] - Пользователь illgettomorow найден
2025-02-06T01:12:20.528941+0300 [INFO] - Пользователь 1007130027 подписан на все каналы
2025-02-06T01:12:20.529330+0300 [INFO] - Пользователь в приватном чате
2025-02-06T01:19:17.636234+0300 [INFO] - Пользователь illgettomorow найден
2025-02-06T01:19:18.221214+0300 [INFO] - Пользователь 1007130027 подписан на все каналы
2025-02-06T01:19:18.221592+0300 [INFO] - Пользователь в приватном чате
2025-02-06T01:20:21.076984+0300 [INFO] - Пользователь illgettomorow найден
2025-02-06T01:20:21.476041+0300 [INFO] - Пользователь 1007130027 подписан на все каналы
2025-02-06T01:20:21.476380+0300 [INFO] - Пользователь в приватном чате
2025-02-06T01:20:21.476562+0300 [INFO] - Сообщение: illgettomorow от 1007130027
2025-02-06T01:36:56.426771+0300 [INFO] - Пользователь illgettomorow найден
2025-02-06T01:36:57.716896+0300 [INFO] - Пользователь 1007130027 подписан на все каналы
2025-02-06T01:36:57.717424+0300 [INFO] - Пользователь в приватном чате
2025-02-06T01:37:20.464819+0300 [INFO] - Пользователь illgettomorow найден
2025-02-06T01:37:20.669630+0300 [INFO] - Пользователь 1007130027 подписан на все каналы
2025-02-06T01:37:20.669908+0300 [INFO] - Пользователь в приватном чате
2025-02-06T01:37:20.670103+0300 [INFO] - Сообщение: illgettomorow от 1007130027
2025-02-06T01:38:06.539249+0300 [INFO] - Пользователь illgettomorow найден
2025-02-06T01:38:07.041732+0300 [INFO] - Пользователь 1007130027 подписан на все каналы
2025-02-06T01:38:07.042163+0300 [INFO] - Пользователь в приватном чате
2025-02-06T01:38:07.042326+0300 [INFO] - Сообщение: gaegs от 1007130027
2025-02-06T01:38:10.835758+0300 [INFO] - Пользователь illgettomorow найден
2025-02-06T01:38:11.034830+0300 [INFO] - Пользователь 1007130027 подписан на все каналы
2025-02-06T01:38:11.035164+0300 [INFO] - Пользователь в приватном чате
2025-02-06T01:40:17.053353+0300 [INFO] - Пользователь illgettomorow найден
2025-02-06T01:40:17.235998+0300 [INFO] - Пользователь 1007130027 подписан на все каналы
2025-02-06T01:40:17.236428+0300 [INFO] - Пользователь в приватном чате
2025-02-06T01:41:35.058823+0300 [INFO] - Пользователь illgettomorow найден
2025-02-06T01:41:35.738385+0300 [INFO] - Пользователь 1007130027 подписан на все каналы
2025-02-06T01:41:35.738689+0300 [INFO] - Пользователь в приватном чате
2025-02-06T01:41:49.777493+0300 [INFO] - Пользователь illgettomorow найден
2025-02-06T01:41:50.177724+0300 [INFO] - Пользователь 1007130027 подписан на все каналы
2025-02-06T01:41:50.178086+0300 [INFO] - Пользователь в приватном чате
2025-02-06T01:42:57.393044+0300 [INFO] - Пользователь illgettomorow найден
2025-02-06T01:42:58.762189+0300 [INFO] - Пользователь 1007130027 подписан на все каналы
2025-02-06T01:42:58.762696+0300 [INFO] - Пользователь в приватном чате
2025-02-06T01:43:04.256971+0300 [INFO] - Пользователь illgettomorow найден
2025-02-06T01:43:04.624673+0300 [INFO] - Пользователь 1007130027 подписан на все каналы
2025-02-06T01:43:04.625094+0300 [INFO] - Пользователь в приватном чате
2025-02-06T01:43:04.625401+0300 [INFO] - Data: 
2025-02-06T01:44:21.877431+0300 [INFO] - Пользователь illgettomorow найден
2025-02-06T01:44:22.180168+0300 [INFO] - Пользователь 1007130027 подписан на все каналы
2025-02-06T01:44:22.180458+0300 [INFO] - Пользователь в приватном чате
2025-02-06T01:44:22.180649+0300 [INFO] - Data: 
2025-02-06T01:45:32.840272+0300 [INFO] - Пользователь illgettomorow найден
2025-02-06T01:45:33.319378+0300 [INFO] - Пользователь 1007130027 подписан на все каналы
2025-02-06T01:45:33.319790+0300 [INFO] - Пользователь в приватном чате
2025-02-06T01:45:33.320066+0300 [INFO] - Data: 
2025-02-06T01:45:33.372336+0300 [INFO] - Информация о пользователе illgettomorow:
2025-02-06T01:45:33.372654+0300 [INFO] - ID: 1
2025-02-06T01:45:33.372806+0300 [INFO] - Telegram ID: 1007130027
2025-02-06T01:45:33.372938+0300 [INFO] - Username: illgettomorow
2025-02-06T01:45:33.373057+0300 [INFO] - Captcha: True
2025-02-06T01:45:33.373182+0300 [INFO] - Is Admin: False
2025-02-06T01:45:33.373303+0300 [INFO] - Is Private: False
2025-02-06T01:45:33.373406+0300 [INFO] - Money: 0
2025-02-06T01:45:33.373539+0300 [INFO] - Lids: 0
2025-02-06T01:45:49.398489+0300 [INFO] - Пользователь illgettomorow найден
2025-02-06T01:45:49.905282+0300 [INFO] - Пользователь 1007130027 подписан на все каналы
2025-02-06T01:45:49.905734+0300 [INFO] - Пользователь в приватном чате
2025-02-06T01:45:52.886771+0300 [INFO] - Оффер принадлежит: 
2025-02-06T01:45:52.887039+0300 [INFO] - Оффер принадлежит: 
2025-02-06T01:45:52.887213+0300 [INFO] - Оффер принадлежит: 
2025-02-06T01:45:52.887365+0300 [INFO] - Оффер принадлежит: 
2025-02-06T01:45:52.887527+0300 [INFO] - Оффер принадлежит: 
2025-02-06T01:45:52.887624+0300 [INFO] - Оффер принадлежит:  1007130027
2025-02-06T01:45:52.887783+0300 [INFO] - Оффер принадлежит:  1007130027
2025-02-06T01:45:52.887919+0300 [INFO] - Оффер принадлежит:  1007130027
2025-02-06T01:45:52.888060+0300 [INFO] - Оффер принадлежит: 
